2013/05/12 23:15:22 [error] [exception.CHttpException.404] exception 'CHttpException' with message 'Unable to resolve the request "images/black-btn-bg.png".' in D:\workspace\keii\framework\web\CWebApplication.php:286
Stack trace:
#0 D:\workspace\keii\framework\web\CWebApplication.php(141): CWebApplication->runController('images/black-bt...')
#1 D:\workspace\keii\framework\base\CApplication.php(169): CWebApplication->processRequest()
#2 D:\workspace\keii\index.php(13): CApplication->run()
#3 {main}
REQUEST_URI=/images/black-btn-bg.png
HTTP_REFERER=http://localhost/user/admin
---
2013/05/12 23:15:22 [error] [exception.CHttpException.404] exception 'CHttpException' with message 'Unable to resolve the request "Fimages/slider-bg.png".' in D:\workspace\keii\framework\web\CWebApplication.php:286
Stack trace:
#0 D:\workspace\keii\framework\web\CWebApplication.php(141): CWebApplication->runController('Fimages/slider-...')
#1 D:\workspace\keii\framework\base\CApplication.php(169): CWebApplication->processRequest()
#2 D:\workspace\keii\index.php(13): CApplication->run()
#3 {main}
REQUEST_URI=/Fimages/slider-bg.png
HTTP_REFERER=http://localhost/user/admin
---
2013/05/12 23:15:22 [error] [exception.CHttpException.404] exception 'CHttpException' with message 'Unable to resolve the request "images/slide-overlay.png".' in D:\workspace\keii\framework\web\CWebApplication.php:286
Stack trace:
#0 D:\workspace\keii\framework\web\CWebApplication.php(141): CWebApplication->runController('images/slide-ov...')
#1 D:\workspace\keii\framework\base\CApplication.php(169): CWebApplication->processRequest()
#2 D:\workspace\keii\index.php(13): CApplication->run()
#3 {main}
REQUEST_URI=/images/slide-overlay.png
HTTP_REFERER=http://localhost/user/admin
---
2013/05/12 23:15:22 [error] [exception.CHttpException.404] exception 'CHttpException' with message 'Unable to resolve the request "images/sp-fade.png".' in D:\workspace\keii\framework\web\CWebApplication.php:286
Stack trace:
#0 D:\workspace\keii\framework\web\CWebApplication.php(141): CWebApplication->runController('images/sp-fade....')
#1 D:\workspace\keii\framework\base\CApplication.php(169): CWebApplication->processRequest()
#2 D:\workspace\keii\index.php(13): CApplication->run()
#3 {main}
REQUEST_URI=/images/sp-fade.png
HTTP_REFERER=http://localhost/user/admin
---
2013/05/12 23:15:22 [error] [exception.CHttpException.404] exception 'CHttpException' with message 'Unable to resolve the request "images/404-shadow.png".' in D:\workspace\keii\framework\web\CWebApplication.php:286
Stack trace:
#0 D:\workspace\keii\framework\web\CWebApplication.php(141): CWebApplication->runController('images/404-shad...')
#1 D:\workspace\keii\framework\base\CApplication.php(169): CWebApplication->processRequest()
#2 D:\workspace\keii\index.php(13): CApplication->run()
#3 {main}
REQUEST_URI=/images/404-shadow.png
HTTP_REFERER=http://localhost/user/admin
---
2013/05/12 23:15:22 [error] [exception.CHttpException.403] exception 'CHttpException' with message 'You are not authorized to perform this action.' in D:\workspace\keii\framework\web\auth\CAccessControlFilter.php:179
Stack trace:
#0 D:\workspace\keii\framework\web\auth\CAccessControlFilter.php(142): CAccessControlFilter->accessDenied(Object(CWebUser), 'You are not aut...')
#1 D:\workspace\keii\framework\web\filters\CFilter.php(38): CAccessControlFilter->preFilter(Object(CFilterChain))
#2 D:\workspace\keii\framework\web\CController.php(1145): CFilter->filter(Object(CFilterChain))
#3 D:\workspace\keii\framework\web\filters\CInlineFilter.php(58): CController->filterAccessControl(Object(CFilterChain))
#4 D:\workspace\keii\framework\web\filters\CFilterChain.php(130): CInlineFilter->filter(Object(CFilterChain))
#5 D:\workspace\keii\framework\web\CController.php(291): CFilterChain->run()
#6 D:\workspace\keii\framework\web\CController.php(265): CController->runActionWithFilters(Object(CInlineAction), Array)
#7 D:\workspace\keii\framework\web\CWebApplication.php(282): CController->run('admin')
#8 D:\workspace\keii\framework\web\CWebApplication.php(141): CWebApplication->runController('user/admin')
#9 D:\workspace\keii\framework\base\CApplication.php(169): CWebApplication->processRequest()
#10 D:\workspace\keii\index.php(13): CApplication->run()
#11 {main}
REQUEST_URI=/user/admin
HTTP_REFERER=http://localhost/user/update/1
---
2013/05/12 23:15:23 [error] [exception.CHttpException.404] exception 'CHttpException' with message 'Unable to resolve the request "css/images/ui-bg_glass_75_e6e6e6_1x400.png".' in D:\workspace\keii\framework\web\CWebApplication.php:286
Stack trace:
#0 D:\workspace\keii\framework\web\CWebApplication.php(141): CWebApplication->runController('css/images/ui-b...')
#1 D:\workspace\keii\framework\base\CApplication.php(169): CWebApplication->processRequest()
#2 D:\workspace\keii\index.php(13): CApplication->run()
#3 {main}
REQUEST_URI=/css/images/ui-bg_glass_75_e6e6e6_1x400.png
HTTP_REFERER=http://localhost/user/admin
---
2013/05/12 23:15:23 [error] [exception.CHttpException.404] exception 'CHttpException' with message 'Unable to resolve the request "css/images/ui-bg_glass_75_dadada_1x400.png".' in D:\workspace\keii\framework\web\CWebApplication.php:286
Stack trace:
#0 D:\workspace\keii\framework\web\CWebApplication.php(141): CWebApplication->runController('css/images/ui-b...')
#1 D:\workspace\keii\framework\base\CApplication.php(169): CWebApplication->processRequest()
#2 D:\workspace\keii\index.php(13): CApplication->run()
#3 {main}
REQUEST_URI=/css/images/ui-bg_glass_75_dadada_1x400.png
HTTP_REFERER=http://localhost/user/admin
---
2013/05/12 23:15:23 [error] [exception.CHttpException.404] exception 'CHttpException' with message 'Unable to resolve the request "css/images/ui-bg_glass_65_ffffff_1x400.png".' in D:\workspace\keii\framework\web\CWebApplication.php:286
Stack trace:
#0 D:\workspace\keii\framework\web\CWebApplication.php(141): CWebApplication->runController('css/images/ui-b...')
#1 D:\workspace\keii\framework\base\CApplication.php(169): CWebApplication->processRequest()
#2 D:\workspace\keii\index.php(13): CApplication->run()
#3 {main}
REQUEST_URI=/css/images/ui-bg_glass_65_ffffff_1x400.png
HTTP_REFERER=http://localhost/user/admin
---
2013/05/12 23:15:23 [error] [exception.CHttpException.404] exception 'CHttpException' with message 'Unable to resolve the request "css/images/ui-bg_glass_55_fbf9ee_1x400.png".' in D:\workspace\keii\framework\web\CWebApplication.php:286
Stack trace:
#0 D:\workspace\keii\framework\web\CWebApplication.php(141): CWebApplication->runController('css/images/ui-b...')
#1 D:\workspace\keii\framework\base\CApplication.php(169): CWebApplication->processRequest()
#2 D:\workspace\keii\index.php(13): CApplication->run()
#3 {main}
REQUEST_URI=/css/images/ui-bg_glass_55_fbf9ee_1x400.png
HTTP_REFERER=http://localhost/user/admin
---
2013/05/12 23:15:23 [error] [exception.CHttpException.404] exception 'CHttpException' with message 'Unable to resolve the request "css/images/ui-bg_glass_95_fef1ec_1x400.png".' in D:\workspace\keii\framework\web\CWebApplication.php:286
Stack trace:
#0 D:\workspace\keii\framework\web\CWebApplication.php(141): CWebApplication->runController('css/images/ui-b...')
#1 D:\workspace\keii\framework\base\CApplication.php(169): CWebApplication->processRequest()
#2 D:\workspace\keii\index.php(13): CApplication->run()
#3 {main}
REQUEST_URI=/css/images/ui-bg_glass_95_fef1ec_1x400.png
HTTP_REFERER=http://localhost/user/admin
---
2013/05/12 23:15:23 [error] [exception.CHttpException.404] exception 'CHttpException' with message 'Unable to resolve the request "css/images/ui-icons_222222_256x240.png".' in D:\workspace\keii\framework\web\CWebApplication.php:286
Stack trace:
#0 D:\workspace\keii\framework\web\CWebApplication.php(141): CWebApplication->runController('css/images/ui-i...')
#1 D:\workspace\keii\framework\base\CApplication.php(169): CWebApplication->processRequest()
#2 D:\workspace\keii\index.php(13): CApplication->run()
#3 {main}
REQUEST_URI=/css/images/ui-icons_222222_256x240.png
HTTP_REFERER=http://localhost/user/admin
---
2013/05/12 23:15:23 [error] [exception.CHttpException.404] exception 'CHttpException' with message 'Unable to resolve the request "css/images/ui-icons_888888_256x240.png".' in D:\workspace\keii\framework\web\CWebApplication.php:286
Stack trace:
#0 D:\workspace\keii\framework\web\CWebApplication.php(141): CWebApplication->runController('css/images/ui-i...')
#1 D:\workspace\keii\framework\base\CApplication.php(169): CWebApplication->processRequest()
#2 D:\workspace\keii\index.php(13): CApplication->run()
#3 {main}
REQUEST_URI=/css/images/ui-icons_888888_256x240.png
HTTP_REFERER=http://localhost/user/admin
---
2013/05/12 23:15:23 [error] [exception.CHttpException.404] exception 'CHttpException' with message 'Unable to resolve the request "css/images/ui-icons_454545_256x240.png".' in D:\workspace\keii\framework\web\CWebApplication.php:286
Stack trace:
#0 D:\workspace\keii\framework\web\CWebApplication.php(141): CWebApplication->runController('css/images/ui-i...')
#1 D:\workspace\keii\framework\base\CApplication.php(169): CWebApplication->processRequest()
#2 D:\workspace\keii\index.php(13): CApplication->run()
#3 {main}
REQUEST_URI=/css/images/ui-icons_454545_256x240.png
HTTP_REFERER=http://localhost/user/admin
---
2013/05/12 23:15:23 [error] [exception.CHttpException.404] exception 'CHttpException' with message 'Unable to resolve the request "css/images/ui-icons_2e83ff_256x240.png".' in D:\workspace\keii\framework\web\CWebApplication.php:286
Stack trace:
#0 D:\workspace\keii\framework\web\CWebApplication.php(141): CWebApplication->runController('css/images/ui-i...')
#1 D:\workspace\keii\framework\base\CApplication.php(169): CWebApplication->processRequest()
#2 D:\workspace\keii\index.php(13): CApplication->run()
#3 {main}
REQUEST_URI=/css/images/ui-icons_2e83ff_256x240.png
HTTP_REFERER=http://localhost/user/admin
---
2013/05/12 23:15:23 [error] [exception.CHttpException.404] exception 'CHttpException' with message 'Unable to resolve the request "css/images/ui-icons_cd0a0a_256x240.png".' in D:\workspace\keii\framework\web\CWebApplication.php:286
Stack trace:
#0 D:\workspace\keii\framework\web\CWebApplication.php(141): CWebApplication->runController('css/images/ui-i...')
#1 D:\workspace\keii\framework\base\CApplication.php(169): CWebApplication->processRequest()
#2 D:\workspace\keii\index.php(13): CApplication->run()
#3 {main}
REQUEST_URI=/css/images/ui-icons_cd0a0a_256x240.png
HTTP_REFERER=http://localhost/user/admin
---
2013/05/12 23:15:23 [error] [exception.CHttpException.404] exception 'CHttpException' with message 'Unable to resolve the request "css/images/ui-bg_flat_0_aaaaaa_40x100.png".' in D:\workspace\keii\framework\web\CWebApplication.php:286
Stack trace:
#0 D:\workspace\keii\framework\web\CWebApplication.php(141): CWebApplication->runController('css/images/ui-b...')
#1 D:\workspace\keii\framework\base\CApplication.php(169): CWebApplication->processRequest()
#2 D:\workspace\keii\index.php(13): CApplication->run()
#3 {main}
REQUEST_URI=/css/images/ui-bg_flat_0_aaaaaa_40x100.png
HTTP_REFERER=http://localhost/user/admin
---
2013/05/12 23:15:23 [error] [exception.CHttpException.404] exception 'CHttpException' with message 'Unable to resolve the request "images/loading.gif".' in D:\workspace\keii\framework\web\CWebApplication.php:286
Stack trace:
#0 D:\workspace\keii\framework\web\CWebApplication.php(141): CWebApplication->runController('images/loading....')
#1 D:\workspace\keii\framework\base\CApplication.php(169): CWebApplication->processRequest()
#2 D:\workspace\keii\index.php(13): CApplication->run()
#3 {main}
REQUEST_URI=/images/loading.gif
HTTP_REFERER=http://localhost/user/admin
---
2013/05/12 23:15:23 [error] [exception.CHttpException.404] exception 'CHttpException' with message 'Unable to resolve the request "images/prettyPhoto/light_square/sprite.png".' in D:\workspace\keii\framework\web\CWebApplication.php:286
Stack trace:
#0 D:\workspace\keii\framework\web\CWebApplication.php(141): CWebApplication->runController('images/prettyPh...')
#1 D:\workspace\keii\framework\base\CApplication.php(169): CWebApplication->processRequest()
#2 D:\workspace\keii\index.php(13): CApplication->run()
#3 {main}
REQUEST_URI=/images/prettyPhoto/light_square/sprite.png
HTTP_REFERER=http://localhost/user/admin
---
2013/05/12 23:15:23 [error] [exception.CHttpException.404] exception 'CHttpException' with message 'Unable to resolve the request "images/prettyPhoto/light_square/btnNext.png".' in D:\workspace\keii\framework\web\CWebApplication.php:286
Stack trace:
#0 D:\workspace\keii\framework\web\CWebApplication.php(141): CWebApplication->runController('images/prettyPh...')
#1 D:\workspace\keii\framework\base\CApplication.php(169): CWebApplication->processRequest()
#2 D:\workspace\keii\index.php(13): CApplication->run()
#3 {main}
REQUEST_URI=/images/prettyPhoto/light_square/btnNext.png
HTTP_REFERER=http://localhost/user/admin
---
2013/05/12 23:15:23 [error] [exception.CHttpException.404] exception 'CHttpException' with message 'Unable to resolve the request "images/prettyPhoto/light_square/btnPrevious.png".' in D:\workspace\keii\framework\web\CWebApplication.php:286
Stack trace:
#0 D:\workspace\keii\framework\web\CWebApplication.php(141): CWebApplication->runController('images/prettyPh...')
#1 D:\workspace\keii\framework\base\CApplication.php(169): CWebApplication->processRequest()
#2 D:\workspace\keii\index.php(13): CApplication->run()
#3 {main}
REQUEST_URI=/images/prettyPhoto/light_square/btnPrevious.png
HTTP_REFERER=http://localhost/user/admin
---
2013/05/12 23:15:23 [error] [exception.CHttpException.404] exception 'CHttpException' with message 'Unable to resolve the request "images/button-light.png".' in D:\workspace\keii\framework\web\CWebApplication.php:286
Stack trace:
#0 D:\workspace\keii\framework\web\CWebApplication.php(141): CWebApplication->runController('images/button-l...')
#1 D:\workspace\keii\framework\base\CApplication.php(169): CWebApplication->processRequest()
#2 D:\workspace\keii\index.php(13): CApplication->run()
#3 {main}
REQUEST_URI=/images/button-light.png
HTTP_REFERER=http://localhost/user/admin
---
2013/05/12 23:15:23 [error] [exception.CHttpException.404] exception 'CHttpException' with message 'Unable to resolve the request "images/text-field-bg.png".' in D:\workspace\keii\framework\web\CWebApplication.php:286
Stack trace:
#0 D:\workspace\keii\framework\web\CWebApplication.php(141): CWebApplication->runController('images/text-fie...')
#1 D:\workspace\keii\framework\base\CApplication.php(169): CWebApplication->processRequest()
#2 D:\workspace\keii\index.php(13): CApplication->run()
#3 {main}
REQUEST_URI=/images/text-field-bg.png
HTTP_REFERER=http://localhost/user/admin
---
2013/05/12 23:15:23 [error] [exception.CHttpException.404] exception 'CHttpException' with message 'Unable to resolve the request "images/black-btn-bg.png".' in D:\workspace\keii\framework\web\CWebApplication.php:286
Stack trace:
#0 D:\workspace\keii\framework\web\CWebApplication.php(141): CWebApplication->runController('images/black-bt...')
#1 D:\workspace\keii\framework\base\CApplication.php(169): CWebApplication->processRequest()
#2 D:\workspace\keii\index.php(13): CApplication->run()
#3 {main}
REQUEST_URI=/images/black-btn-bg.png
HTTP_REFERER=http://localhost/user/admin
---
2013/05/12 23:15:23 [error] [exception.CHttpException.404] exception 'CHttpException' with message 'Unable to resolve the request "Fimages/slider-bg.png".' in D:\workspace\keii\framework\web\CWebApplication.php:286
Stack trace:
#0 D:\workspace\keii\framework\web\CWebApplication.php(141): CWebApplication->runController('Fimages/slider-...')
#1 D:\workspace\keii\framework\base\CApplication.php(169): CWebApplication->processRequest()
#2 D:\workspace\keii\index.php(13): CApplication->run()
#3 {main}
REQUEST_URI=/Fimages/slider-bg.png
HTTP_REFERER=http://localhost/user/admin
---
2013/05/12 23:15:23 [error] [exception.CHttpException.404] exception 'CHttpException' with message 'Unable to resolve the request "images/slide-overlay.png".' in D:\workspace\keii\framework\web\CWebApplication.php:286
Stack trace:
#0 D:\workspace\keii\framework\web\CWebApplication.php(141): CWebApplication->runController('images/slide-ov...')
#1 D:\workspace\keii\framework\base\CApplication.php(169): CWebApplication->processRequest()
#2 D:\workspace\keii\index.php(13): CApplication->run()
#3 {main}
REQUEST_URI=/images/slide-overlay.png
HTTP_REFERER=http://localhost/user/admin
---
2013/05/12 23:15:23 [error] [exception.CHttpException.404] exception 'CHttpException' with message 'Unable to resolve the request "images/sp-fade.png".' in D:\workspace\keii\framework\web\CWebApplication.php:286
Stack trace:
#0 D:\workspace\keii\framework\web\CWebApplication.php(141): CWebApplication->runController('images/sp-fade....')
#1 D:\workspace\keii\framework\base\CApplication.php(169): CWebApplication->processRequest()
#2 D:\workspace\keii\index.php(13): CApplication->run()
#3 {main}
REQUEST_URI=/images/sp-fade.png
HTTP_REFERER=http://localhost/user/admin
---
2013/05/12 23:15:24 [error] [exception.CHttpException.404] exception 'CHttpException' with message 'Unable to resolve the request "images/404-shadow.png".' in D:\workspace\keii\framework\web\CWebApplication.php:286
Stack trace:
#0 D:\workspace\keii\framework\web\CWebApplication.php(141): CWebApplication->runController('images/404-shad...')
#1 D:\workspace\keii\framework\base\CApplication.php(169): CWebApplication->processRequest()
#2 D:\workspace\keii\index.php(13): CApplication->run()
#3 {main}
REQUEST_URI=/images/404-shadow.png
HTTP_REFERER=http://localhost/user/admin
---
2013/05/12 23:15:30 [error] [exception.CHttpException.404] exception 'CHttpException' with message 'Unable to resolve the request "css/images/ui-bg_glass_75_e6e6e6_1x400.png".' in D:\workspace\keii\framework\web\CWebApplication.php:286
Stack trace:
#0 D:\workspace\keii\framework\web\CWebApplication.php(141): CWebApplication->runController('css/images/ui-b...')
#1 D:\workspace\keii\framework\base\CApplication.php(169): CWebApplication->processRequest()
#2 D:\workspace\keii\index.php(13): CApplication->run()
#3 {main}
REQUEST_URI=/css/images/ui-bg_glass_75_e6e6e6_1x400.png
HTTP_REFERER=http://localhost/user/info
---
2013/05/12 23:15:30 [error] [exception.CHttpException.404] exception 'CHttpException' with message 'Unable to resolve the request "css/images/ui-bg_glass_75_dadada_1x400.png".' in D:\workspace\keii\framework\web\CWebApplication.php:286
Stack trace:
#0 D:\workspace\keii\framework\web\CWebApplication.php(141): CWebApplication->runController('css/images/ui-b...')
#1 D:\workspace\keii\framework\base\CApplication.php(169): CWebApplication->processRequest()
#2 D:\workspace\keii\index.php(13): CApplication->run()
#3 {main}
REQUEST_URI=/css/images/ui-bg_glass_75_dadada_1x400.png
HTTP_REFERER=http://localhost/user/info
---
2013/05/12 23:15:30 [error] [exception.CHttpException.404] exception 'CHttpException' with message 'Unable to resolve the request "css/images/ui-bg_glass_65_ffffff_1x400.png".' in D:\workspace\keii\framework\web\CWebApplication.php:286
Stack trace:
#0 D:\workspace\keii\framework\web\CWebApplication.php(141): CWebApplication->runController('css/images/ui-b...')
#1 D:\workspace\keii\framework\base\CApplication.php(169): CWebApplication->processRequest()
#2 D:\workspace\keii\index.php(13): CApplication->run()
#3 {main}
REQUEST_URI=/css/images/ui-bg_glass_65_ffffff_1x400.png
HTTP_REFERER=http://localhost/user/info
---
2013/05/12 23:15:30 [error] [exception.CHttpException.404] exception 'CHttpException' with message 'Unable to resolve the request "css/images/ui-bg_glass_55_fbf9ee_1x400.png".' in D:\workspace\keii\framework\web\CWebApplication.php:286
Stack trace:
#0 D:\workspace\keii\framework\web\CWebApplication.php(141): CWebApplication->runController('css/images/ui-b...')
#1 D:\workspace\keii\framework\base\CApplication.php(169): CWebApplication->processRequest()
#2 D:\workspace\keii\index.php(13): CApplication->run()
#3 {main}
REQUEST_URI=/css/images/ui-bg_glass_55_fbf9ee_1x400.png
HTTP_REFERER=http://localhost/user/info
---
2013/05/12 23:15:30 [error] [exception.CHttpException.404] exception 'CHttpException' with message 'Unable to resolve the request "css/images/ui-bg_glass_95_fef1ec_1x400.png".' in D:\workspace\keii\framework\web\CWebApplication.php:286
Stack trace:
#0 D:\workspace\keii\framework\web\CWebApplication.php(141): CWebApplication->runController('css/images/ui-b...')
#1 D:\workspace\keii\framework\base\CApplication.php(169): CWebApplication->processRequest()
#2 D:\workspace\keii\index.php(13): CApplication->run()
#3 {main}
REQUEST_URI=/css/images/ui-bg_glass_95_fef1ec_1x400.png
HTTP_REFERER=http://localhost/user/info
---
2013/05/12 23:15:30 [error] [exception.CHttpException.404] exception 'CHttpException' with message 'Unable to resolve the request "css/images/ui-icons_222222_256x240.png".' in D:\workspace\keii\framework\web\CWebApplication.php:286
Stack trace:
#0 D:\workspace\keii\framework\web\CWebApplication.php(141): CWebApplication->runController('css/images/ui-i...')
#1 D:\workspace\keii\framework\base\CApplication.php(169): CWebApplication->processRequest()
#2 D:\workspace\keii\index.php(13): CApplication->run()
#3 {main}
REQUEST_URI=/css/images/ui-icons_222222_256x240.png
HTTP_REFERER=http://localhost/user/info
---
2013/05/12 23:15:30 [error] [exception.CHttpException.404] exception 'CHttpException' with message 'Unable to resolve the request "css/images/ui-icons_888888_256x240.png".' in D:\workspace\keii\framework\web\CWebApplication.php:286
Stack trace:
#0 D:\workspace\keii\framework\web\CWebApplication.php(141): CWebApplication->runController('css/images/ui-i...')
#1 D:\workspace\keii\framework\base\CApplication.php(169): CWebApplication->processRequest()
#2 D:\workspace\keii\index.php(13): CApplication->run()
#3 {main}
REQUEST_URI=/css/images/ui-icons_888888_256x240.png
HTTP_REFERER=http://localhost/user/info
---
2013/05/12 23:15:30 [error] [exception.CHttpException.404] exception 'CHttpException' with message 'Unable to resolve the request "css/images/ui-icons_454545_256x240.png".' in D:\workspace\keii\framework\web\CWebApplication.php:286
Stack trace:
#0 D:\workspace\keii\framework\web\CWebApplication.php(141): CWebApplication->runController('css/images/ui-i...')
#1 D:\workspace\keii\framework\base\CApplication.php(169): CWebApplication->processRequest()
#2 D:\workspace\keii\index.php(13): CApplication->run()
#3 {main}
REQUEST_URI=/css/images/ui-icons_454545_256x240.png
HTTP_REFERER=http://localhost/user/info
---
2013/05/12 23:15:30 [error] [exception.CHttpException.404] exception 'CHttpException' with message 'Unable to resolve the request "css/images/ui-icons_2e83ff_256x240.png".' in D:\workspace\keii\framework\web\CWebApplication.php:286
Stack trace:
#0 D:\workspace\keii\framework\web\CWebApplication.php(141): CWebApplication->runController('css/images/ui-i...')
#1 D:\workspace\keii\framework\base\CApplication.php(169): CWebApplication->processRequest()
#2 D:\workspace\keii\index.php(13): CApplication->run()
#3 {main}
REQUEST_URI=/css/images/ui-icons_2e83ff_256x240.png
HTTP_REFERER=http://localhost/user/info
---
2013/05/12 23:15:30 [error] [exception.CHttpException.404] exception 'CHttpException' with message 'Unable to resolve the request "css/images/ui-icons_cd0a0a_256x240.png".' in D:\workspace\keii\framework\web\CWebApplication.php:286
Stack trace:
#0 D:\workspace\keii\framework\web\CWebApplication.php(141): CWebApplication->runController('css/images/ui-i...')
#1 D:\workspace\keii\framework\base\CApplication.php(169): CWebApplication->processRequest()
#2 D:\workspace\keii\index.php(13): CApplication->run()
#3 {main}
REQUEST_URI=/css/images/ui-icons_cd0a0a_256x240.png
HTTP_REFERER=http://localhost/user/info
---
2013/05/12 23:15:30 [error] [exception.CHttpException.404] exception 'CHttpException' with message 'Unable to resolve the request "css/images/ui-bg_flat_0_aaaaaa_40x100.png".' in D:\workspace\keii\framework\web\CWebApplication.php:286
Stack trace:
#0 D:\workspace\keii\framework\web\CWebApplication.php(141): CWebApplication->runController('css/images/ui-b...')
#1 D:\workspace\keii\framework\base\CApplication.php(169): CWebApplication->processRequest()
#2 D:\workspace\keii\index.php(13): CApplication->run()
#3 {main}
REQUEST_URI=/css/images/ui-bg_flat_0_aaaaaa_40x100.png
HTTP_REFERER=http://localhost/user/info
---
2013/05/12 23:15:30 [error] [exception.CHttpException.404] exception 'CHttpException' with message 'Unable to resolve the request "images/loading.gif".' in D:\workspace\keii\framework\web\CWebApplication.php:286
Stack trace:
#0 D:\workspace\keii\framework\web\CWebApplication.php(141): CWebApplication->runController('images/loading....')
#1 D:\workspace\keii\framework\base\CApplication.php(169): CWebApplication->processRequest()
#2 D:\workspace\keii\index.php(13): CApplication->run()
#3 {main}
REQUEST_URI=/images/loading.gif
HTTP_REFERER=http://localhost/user/info
---
2013/05/12 23:15:31 [error] [exception.CHttpException.404] exception 'CHttpException' with message 'Unable to resolve the request "images/prettyPhoto/light_square/sprite.png".' in D:\workspace\keii\framework\web\CWebApplication.php:286
Stack trace:
#0 D:\workspace\keii\framework\web\CWebApplication.php(141): CWebApplication->runController('images/prettyPh...')
#1 D:\workspace\keii\framework\base\CApplication.php(169): CWebApplication->processRequest()
#2 D:\workspace\keii\index.php(13): CApplication->run()
#3 {main}
REQUEST_URI=/images/prettyPhoto/light_square/sprite.png
HTTP_REFERER=http://localhost/user/info
---
2013/05/12 23:15:31 [error] [exception.CHttpException.404] exception 'CHttpException' with message 'Unable to resolve the request "images/prettyPhoto/light_square/btnNext.png".' in D:\workspace\keii\framework\web\CWebApplication.php:286
Stack trace:
#0 D:\workspace\keii\framework\web\CWebApplication.php(141): CWebApplication->runController('images/prettyPh...')
#1 D:\workspace\keii\framework\base\CApplication.php(169): CWebApplication->processRequest()
#2 D:\workspace\keii\index.php(13): CApplication->run()
#3 {main}
REQUEST_URI=/images/prettyPhoto/light_square/btnNext.png
HTTP_REFERER=http://localhost/user/info
---
2013/05/12 23:15:31 [error] [exception.CHttpException.404] exception 'CHttpException' with message 'Unable to resolve the request "images/prettyPhoto/light_square/btnPrevious.png".' in D:\workspace\keii\framework\web\CWebApplication.php:286
Stack trace:
#0 D:\workspace\keii\framework\web\CWebApplication.php(141): CWebApplication->runController('images/prettyPh...')
#1 D:\workspace\keii\framework\base\CApplication.php(169): CWebApplication->processRequest()
#2 D:\workspace\keii\index.php(13): CApplication->run()
#3 {main}
REQUEST_URI=/images/prettyPhoto/light_square/btnPrevious.png
HTTP_REFERER=http://localhost/user/info
---
2013/05/12 23:15:31 [error] [exception.CHttpException.404] exception 'CHttpException' with message 'Unable to resolve the request "images/button-light.png".' in D:\workspace\keii\framework\web\CWebApplication.php:286
Stack trace:
#0 D:\workspace\keii\framework\web\CWebApplication.php(141): CWebApplication->runController('images/button-l...')
#1 D:\workspace\keii\framework\base\CApplication.php(169): CWebApplication->processRequest()
#2 D:\workspace\keii\index.php(13): CApplication->run()
#3 {main}
REQUEST_URI=/images/button-light.png
HTTP_REFERER=http://localhost/user/info
---
2013/05/12 23:15:31 [error] [exception.CHttpException.404] exception 'CHttpException' with message 'Unable to resolve the request "images/text-field-bg.png".' in D:\workspace\keii\framework\web\CWebApplication.php:286
Stack trace:
#0 D:\workspace\keii\framework\web\CWebApplication.php(141): CWebApplication->runController('images/text-fie...')
#1 D:\workspace\keii\framework\base\CApplication.php(169): CWebApplication->processRequest()
#2 D:\workspace\keii\index.php(13): CApplication->run()
#3 {main}
REQUEST_URI=/images/text-field-bg.png
HTTP_REFERER=http://localhost/user/info
---
2013/05/12 23:15:31 [error] [exception.CHttpException.404] exception 'CHttpException' with message 'Unable to resolve the request "images/black-btn-bg.png".' in D:\workspace\keii\framework\web\CWebApplication.php:286
Stack trace:
#0 D:\workspace\keii\framework\web\CWebApplication.php(141): CWebApplication->runController('images/black-bt...')
#1 D:\workspace\keii\framework\base\CApplication.php(169): CWebApplication->processRequest()
#2 D:\workspace\keii\index.php(13): CApplication->run()
#3 {main}
REQUEST_URI=/images/black-btn-bg.png
HTTP_REFERER=http://localhost/user/info
---
2013/05/12 23:15:31 [error] [exception.CHttpException.404] exception 'CHttpException' with message 'Unable to resolve the request "Fimages/slider-bg.png".' in D:\workspace\keii\framework\web\CWebApplication.php:286
Stack trace:
#0 D:\workspace\keii\framework\web\CWebApplication.php(141): CWebApplication->runController('Fimages/slider-...')
#1 D:\workspace\keii\framework\base\CApplication.php(169): CWebApplication->processRequest()
#2 D:\workspace\keii\index.php(13): CApplication->run()
#3 {main}
REQUEST_URI=/Fimages/slider-bg.png
HTTP_REFERER=http://localhost/user/info
---
2013/05/12 23:15:31 [error] [exception.CHttpException.404] exception 'CHttpException' with message 'Unable to resolve the request "images/slide-overlay.png".' in D:\workspace\keii\framework\web\CWebApplication.php:286
Stack trace:
#0 D:\workspace\keii\framework\web\CWebApplication.php(141): CWebApplication->runController('images/slide-ov...')
#1 D:\workspace\keii\framework\base\CApplication.php(169): CWebApplication->processRequest()
#2 D:\workspace\keii\index.php(13): CApplication->run()
#3 {main}
REQUEST_URI=/images/slide-overlay.png
HTTP_REFERER=http://localhost/user/info
---
2013/05/12 23:15:31 [error] [exception.CHttpException.404] exception 'CHttpException' with message 'Unable to resolve the request "images/sp-fade.png".' in D:\workspace\keii\framework\web\CWebApplication.php:286
Stack trace:
#0 D:\workspace\keii\framework\web\CWebApplication.php(141): CWebApplication->runController('images/sp-fade....')
#1 D:\workspace\keii\framework\base\CApplication.php(169): CWebApplication->processRequest()
#2 D:\workspace\keii\index.php(13): CApplication->run()
#3 {main}
REQUEST_URI=/images/sp-fade.png
HTTP_REFERER=http://localhost/user/info
---
2013/05/12 23:15:31 [error] [exception.CHttpException.404] exception 'CHttpException' with message 'Unable to resolve the request "images/404-shadow.png".' in D:\workspace\keii\framework\web\CWebApplication.php:286
Stack trace:
#0 D:\workspace\keii\framework\web\CWebApplication.php(141): CWebApplication->runController('images/404-shad...')
#1 D:\workspace\keii\framework\base\CApplication.php(169): CWebApplication->processRequest()
#2 D:\workspace\keii\index.php(13): CApplication->run()
#3 {main}
REQUEST_URI=/images/404-shadow.png
HTTP_REFERER=http://localhost/user/info
---
2013/05/12 23:15:34 [error] [exception.CHttpException.403] exception 'CHttpException' with message 'You are not authorized to perform this action.' in D:\workspace\keii\framework\web\auth\CAccessControlFilter.php:179
Stack trace:
#0 D:\workspace\keii\framework\web\auth\CAccessControlFilter.php(142): CAccessControlFilter->accessDenied(Object(CWebUser), 'You are not aut...')
#1 D:\workspace\keii\framework\web\filters\CFilter.php(38): CAccessControlFilter->preFilter(Object(CFilterChain))
#2 D:\workspace\keii\framework\web\CController.php(1145): CFilter->filter(Object(CFilterChain))
#3 D:\workspace\keii\framework\web\filters\CInlineFilter.php(58): CController->filterAccessControl(Object(CFilterChain))
#4 D:\workspace\keii\framework\web\filters\CFilterChain.php(130): CInlineFilter->filter(Object(CFilterChain))
#5 D:\workspace\keii\framework\web\CController.php(291): CFilterChain->run()
#6 D:\workspace\keii\framework\web\CController.php(265): CController->runActionWithFilters(Object(CInlineAction), Array)
#7 D:\workspace\keii\framework\web\CWebApplication.php(282): CController->run('admin')
#8 D:\workspace\keii\framework\web\CWebApplication.php(141): CWebApplication->runController('user/admin')
#9 D:\workspace\keii\framework\base\CApplication.php(169): CWebApplication->processRequest()
#10 D:\workspace\keii\index.php(13): CApplication->run()
#11 {main}
REQUEST_URI=/user/admin
HTTP_REFERER=http://localhost/user/info
---
2013/05/12 23:15:35 [error] [exception.CHttpException.404] exception 'CHttpException' with message 'Unable to resolve the request "css/images/ui-bg_glass_75_e6e6e6_1x400.png".' in D:\workspace\keii\framework\web\CWebApplication.php:286
Stack trace:
#0 D:\workspace\keii\framework\web\CWebApplication.php(141): CWebApplication->runController('css/images/ui-b...')
#1 D:\workspace\keii\framework\base\CApplication.php(169): CWebApplication->processRequest()
#2 D:\workspace\keii\index.php(13): CApplication->run()
#3 {main}
REQUEST_URI=/css/images/ui-bg_glass_75_e6e6e6_1x400.png
HTTP_REFERER=http://localhost/user/admin
---
2013/05/12 23:15:35 [error] [exception.CHttpException.404] exception 'CHttpException' with message 'Unable to resolve the request "css/images/ui-bg_glass_65_ffffff_1x400.png".' in D:\workspace\keii\framework\web\CWebApplication.php:286
Stack trace:
#0 D:\workspace\keii\framework\web\CWebApplication.php(141): CWebApplication->runController('css/images/ui-b...')
#1 D:\workspace\keii\framework\base\CApplication.php(169): CWebApplication->processRequest()
#2 D:\workspace\keii\index.php(13): CApplication->run()
#3 {main}
REQUEST_URI=/css/images/ui-bg_glass_65_ffffff_1x400.png
HTTP_REFERER=http://localhost/user/admin
---
2013/05/12 23:15:35 [error] [exception.CHttpException.404] exception 'CHttpException' with message 'Unable to resolve the request "css/images/ui-bg_glass_75_dadada_1x400.png".' in D:\workspace\keii\framework\web\CWebApplication.php:286
Stack trace:
#0 D:\workspace\keii\framework\web\CWebApplication.php(141): CWebApplication->runController('css/images/ui-b...')
#1 D:\workspace\keii\framework\base\CApplication.php(169): CWebApplication->processRequest()
#2 D:\workspace\keii\index.php(13): CApplication->run()
#3 {main}
REQUEST_URI=/css/images/ui-bg_glass_75_dadada_1x400.png
HTTP_REFERER=http://localhost/user/admin
---
2013/05/12 23:15:35 [error] [exception.CHttpException.404] exception 'CHttpException' with message 'Unable to resolve the request "css/images/ui-bg_glass_55_fbf9ee_1x400.png".' in D:\workspace\keii\framework\web\CWebApplication.php:286
Stack trace:
#0 D:\workspace\keii\framework\web\CWebApplication.php(141): CWebApplication->runController('css/images/ui-b...')
#1 D:\workspace\keii\framework\base\CApplication.php(169): CWebApplication->processRequest()
#2 D:\workspace\keii\index.php(13): CApplication->run()
#3 {main}
REQUEST_URI=/css/images/ui-bg_glass_55_fbf9ee_1x400.png
HTTP_REFERER=http://localhost/user/admin
---
2013/05/12 23:15:35 [error] [exception.CHttpException.404] exception 'CHttpException' with message 'Unable to resolve the request "css/images/ui-bg_glass_95_fef1ec_1x400.png".' in D:\workspace\keii\framework\web\CWebApplication.php:286
Stack trace:
#0 D:\workspace\keii\framework\web\CWebApplication.php(141): CWebApplication->runController('css/images/ui-b...')
#1 D:\workspace\keii\framework\base\CApplication.php(169): CWebApplication->processRequest()
#2 D:\workspace\keii\index.php(13): CApplication->run()
#3 {main}
REQUEST_URI=/css/images/ui-bg_glass_95_fef1ec_1x400.png
HTTP_REFERER=http://localhost/user/admin
---
2013/05/12 23:15:35 [error] [exception.CHttpException.404] exception 'CHttpException' with message 'Unable to resolve the request "css/images/ui-icons_222222_256x240.png".' in D:\workspace\keii\framework\web\CWebApplication.php:286
Stack trace:
#0 D:\workspace\keii\framework\web\CWebApplication.php(141): CWebApplication->runController('css/images/ui-i...')
#1 D:\workspace\keii\framework\base\CApplication.php(169): CWebApplication->processRequest()
#2 D:\workspace\keii\index.php(13): CApplication->run()
#3 {main}
REQUEST_URI=/css/images/ui-icons_222222_256x240.png
HTTP_REFERER=http://localhost/user/admin
---
2013/05/12 23:15:35 [error] [exception.CHttpException.404] exception 'CHttpException' with message 'Unable to resolve the request "css/images/ui-icons_888888_256x240.png".' in D:\workspace\keii\framework\web\CWebApplication.php:286
Stack trace:
#0 D:\workspace\keii\framework\web\CWebApplication.php(141): CWebApplication->runController('css/images/ui-i...')
#1 D:\workspace\keii\framework\base\CApplication.php(169): CWebApplication->processRequest()
#2 D:\workspace\keii\index.php(13): CApplication->run()
#3 {main}
REQUEST_URI=/css/images/ui-icons_888888_256x240.png
HTTP_REFERER=http://localhost/user/admin
---
2013/05/12 23:15:35 [error] [exception.CHttpException.404] exception 'CHttpException' with message 'Unable to resolve the request "css/images/ui-icons_454545_256x240.png".' in D:\workspace\keii\framework\web\CWebApplication.php:286
Stack trace:
#0 D:\workspace\keii\framework\web\CWebApplication.php(141): CWebApplication->runController('css/images/ui-i...')
#1 D:\workspace\keii\framework\base\CApplication.php(169): CWebApplication->processRequest()
#2 D:\workspace\keii\index.php(13): CApplication->run()
#3 {main}
REQUEST_URI=/css/images/ui-icons_454545_256x240.png
HTTP_REFERER=http://localhost/user/admin
---
2013/05/12 23:15:35 [error] [exception.CHttpException.404] exception 'CHttpException' with message 'Unable to resolve the request "css/images/ui-icons_2e83ff_256x240.png".' in D:\workspace\keii\framework\web\CWebApplication.php:286
Stack trace:
#0 D:\workspace\keii\framework\web\CWebApplication.php(141): CWebApplication->runController('css/images/ui-i...')
#1 D:\workspace\keii\framework\base\CApplication.php(169): CWebApplication->processRequest()
#2 D:\workspace\keii\index.php(13): CApplication->run()
#3 {main}
REQUEST_URI=/css/images/ui-icons_2e83ff_256x240.png
HTTP_REFERER=http://localhost/user/admin
---
2013/05/12 23:15:35 [error] [exception.CHttpException.404] exception 'CHttpException' with message 'Unable to resolve the request "css/images/ui-icons_cd0a0a_256x240.png".' in D:\workspace\keii\framework\web\CWebApplication.php:286
Stack trace:
#0 D:\workspace\keii\framework\web\CWebApplication.php(141): CWebApplication->runController('css/images/ui-i...')
#1 D:\workspace\keii\framework\base\CApplication.php(169): CWebApplication->processRequest()
#2 D:\workspace\keii\index.php(13): CApplication->run()
#3 {main}
REQUEST_URI=/css/images/ui-icons_cd0a0a_256x240.png
HTTP_REFERER=http://localhost/user/admin
---
2013/05/12 23:15:35 [error] [exception.CHttpException.404] exception 'CHttpException' with message 'Unable to resolve the request "css/images/ui-bg_flat_0_aaaaaa_40x100.png".' in D:\workspace\keii\framework\web\CWebApplication.php:286
Stack trace:
#0 D:\workspace\keii\framework\web\CWebApplication.php(141): CWebApplication->runController('css/images/ui-b...')
#1 D:\workspace\keii\framework\base\CApplication.php(169): CWebApplication->processRequest()
#2 D:\workspace\keii\index.php(13): CApplication->run()
#3 {main}
REQUEST_URI=/css/images/ui-bg_flat_0_aaaaaa_40x100.png
HTTP_REFERER=http://localhost/user/admin
---
2013/05/12 23:15:35 [error] [exception.CHttpException.404] exception 'CHttpException' with message 'Unable to resolve the request "images/loading.gif".' in D:\workspace\keii\framework\web\CWebApplication.php:286
Stack trace:
#0 D:\workspace\keii\framework\web\CWebApplication.php(141): CWebApplication->runController('images/loading....')
#1 D:\workspace\keii\framework\base\CApplication.php(169): CWebApplication->processRequest()
#2 D:\workspace\keii\index.php(13): CApplication->run()
#3 {main}
REQUEST_URI=/images/loading.gif
HTTP_REFERER=http://localhost/user/admin
---
2013/05/12 23:15:35 [error] [exception.CHttpException.404] exception 'CHttpException' with message 'Unable to resolve the request "images/prettyPhoto/light_square/sprite.png".' in D:\workspace\keii\framework\web\CWebApplication.php:286
Stack trace:
#0 D:\workspace\keii\framework\web\CWebApplication.php(141): CWebApplication->runController('images/prettyPh...')
#1 D:\workspace\keii\framework\base\CApplication.php(169): CWebApplication->processRequest()
#2 D:\workspace\keii\index.php(13): CApplication->run()
#3 {main}
REQUEST_URI=/images/prettyPhoto/light_square/sprite.png
HTTP_REFERER=http://localhost/user/admin
---
2013/05/12 23:15:35 [error] [exception.CHttpException.404] exception 'CHttpException' with message 'Unable to resolve the request "images/prettyPhoto/light_square/btnNext.png".' in D:\workspace\keii\framework\web\CWebApplication.php:286
Stack trace:
#0 D:\workspace\keii\framework\web\CWebApplication.php(141): CWebApplication->runController('images/prettyPh...')
#1 D:\workspace\keii\framework\base\CApplication.php(169): CWebApplication->processRequest()
#2 D:\workspace\keii\index.php(13): CApplication->run()
#3 {main}
REQUEST_URI=/images/prettyPhoto/light_square/btnNext.png
HTTP_REFERER=http://localhost/user/admin
---
2013/05/12 23:15:35 [error] [exception.CHttpException.404] exception 'CHttpException' with message 'Unable to resolve the request "images/prettyPhoto/light_square/btnPrevious.png".' in D:\workspace\keii\framework\web\CWebApplication.php:286
Stack trace:
#0 D:\workspace\keii\framework\web\CWebApplication.php(141): CWebApplication->runController('images/prettyPh...')
#1 D:\workspace\keii\framework\base\CApplication.php(169): CWebApplication->processRequest()
#2 D:\workspace\keii\index.php(13): CApplication->run()
#3 {main}
REQUEST_URI=/images/prettyPhoto/light_square/btnPrevious.png
HTTP_REFERER=http://localhost/user/admin
---
2013/05/12 23:15:35 [error] [exception.CHttpException.404] exception 'CHttpException' with message 'Unable to resolve the request "images/button-light.png".' in D:\workspace\keii\framework\web\CWebApplication.php:286
Stack trace:
#0 D:\workspace\keii\framework\web\CWebApplication.php(141): CWebApplication->runController('images/button-l...')
#1 D:\workspace\keii\framework\base\CApplication.php(169): CWebApplication->processRequest()
#2 D:\workspace\keii\index.php(13): CApplication->run()
#3 {main}
REQUEST_URI=/images/button-light.png
HTTP_REFERER=http://localhost/user/admin
---
2013/05/12 23:15:35 [error] [exception.CHttpException.404] exception 'CHttpException' with message 'Unable to resolve the request "images/text-field-bg.png".' in D:\workspace\keii\framework\web\CWebApplication.php:286
Stack trace:
#0 D:\workspace\keii\framework\web\CWebApplication.php(141): CWebApplication->runController('images/text-fie...')
#1 D:\workspace\keii\framework\base\CApplication.php(169): CWebApplication->processRequest()
#2 D:\workspace\keii\index.php(13): CApplication->run()
#3 {main}
REQUEST_URI=/images/text-field-bg.png
HTTP_REFERER=http://localhost/user/admin
---
2013/05/12 23:15:35 [error] [exception.CHttpException.404] exception 'CHttpException' with message 'Unable to resolve the request "images/black-btn-bg.png".' in D:\workspace\keii\framework\web\CWebApplication.php:286
Stack trace:
#0 D:\workspace\keii\framework\web\CWebApplication.php(141): CWebApplication->runController('images/black-bt...')
#1 D:\workspace\keii\framework\base\CApplication.php(169): CWebApplication->processRequest()
#2 D:\workspace\keii\index.php(13): CApplication->run()
#3 {main}
REQUEST_URI=/images/black-btn-bg.png
HTTP_REFERER=http://localhost/user/admin
---
2013/05/12 23:15:36 [error] [exception.CHttpException.404] exception 'CHttpException' with message 'Unable to resolve the request "Fimages/slider-bg.png".' in D:\workspace\keii\framework\web\CWebApplication.php:286
Stack trace:
#0 D:\workspace\keii\framework\web\CWebApplication.php(141): CWebApplication->runController('Fimages/slider-...')
#1 D:\workspace\keii\framework\base\CApplication.php(169): CWebApplication->processRequest()
#2 D:\workspace\keii\index.php(13): CApplication->run()
#3 {main}
REQUEST_URI=/Fimages/slider-bg.png
HTTP_REFERER=http://localhost/user/admin
---
2013/05/12 23:15:36 [error] [exception.CHttpException.404] exception 'CHttpException' with message 'Unable to resolve the request "images/slide-overlay.png".' in D:\workspace\keii\framework\web\CWebApplication.php:286
Stack trace:
#0 D:\workspace\keii\framework\web\CWebApplication.php(141): CWebApplication->runController('images/slide-ov...')
#1 D:\workspace\keii\framework\base\CApplication.php(169): CWebApplication->processRequest()
#2 D:\workspace\keii\index.php(13): CApplication->run()
#3 {main}
REQUEST_URI=/images/slide-overlay.png
HTTP_REFERER=http://localhost/user/admin
---
2013/05/12 23:15:36 [error] [exception.CHttpException.404] exception 'CHttpException' with message 'Unable to resolve the request "images/sp-fade.png".' in D:\workspace\keii\framework\web\CWebApplication.php:286
Stack trace:
#0 D:\workspace\keii\framework\web\CWebApplication.php(141): CWebApplication->runController('images/sp-fade....')
#1 D:\workspace\keii\framework\base\CApplication.php(169): CWebApplication->processRequest()
#2 D:\workspace\keii\index.php(13): CApplication->run()
#3 {main}
REQUEST_URI=/images/sp-fade.png
HTTP_REFERER=http://localhost/user/admin
---
2013/05/12 23:15:36 [error] [exception.CHttpException.404] exception 'CHttpException' with message 'Unable to resolve the request "images/404-shadow.png".' in D:\workspace\keii\framework\web\CWebApplication.php:286
Stack trace:
#0 D:\workspace\keii\framework\web\CWebApplication.php(141): CWebApplication->runController('images/404-shad...')
#1 D:\workspace\keii\framework\base\CApplication.php(169): CWebApplication->processRequest()
#2 D:\workspace\keii\index.php(13): CApplication->run()
#3 {main}
REQUEST_URI=/images/404-shadow.png
HTTP_REFERER=http://localhost/user/admin
---
2013/05/12 23:16:00 [error] [exception.CHttpException.404] exception 'CHttpException' with message 'Unable to resolve the request "images/slide-overlay.png".' in D:\workspace\keii\framework\web\CWebApplication.php:286
Stack trace:
#0 D:\workspace\keii\framework\web\CWebApplication.php(141): CWebApplication->runController('images/slide-ov...')
#1 D:\workspace\keii\framework\base\CApplication.php(169): CWebApplication->processRequest()
#2 D:\workspace\keii\index.php(13): CApplication->run()
#3 {main}
REQUEST_URI=/images/slide-overlay.png
HTTP_REFERER=http://localhost/
---
2013/05/12 23:16:00 [error] [exception.CHttpException.404] exception 'CHttpException' with message 'Unable to resolve the request "images/loading.gif".' in D:\workspace\keii\framework\web\CWebApplication.php:286
Stack trace:
#0 D:\workspace\keii\framework\web\CWebApplication.php(141): CWebApplication->runController('images/loading....')
#1 D:\workspace\keii\framework\base\CApplication.php(169): CWebApplication->processRequest()
#2 D:\workspace\keii\index.php(13): CApplication->run()
#3 {main}
REQUEST_URI=/images/loading.gif
HTTP_REFERER=http://localhost/
---
2013/05/12 23:16:00 [error] [exception.CHttpException.404] exception 'CHttpException' with message 'Unable to resolve the request "Fimages/slider-bg.png".' in D:\workspace\keii\framework\web\CWebApplication.php:286
Stack trace:
#0 D:\workspace\keii\framework\web\CWebApplication.php(141): CWebApplication->runController('Fimages/slider-...')
#1 D:\workspace\keii\framework\base\CApplication.php(169): CWebApplication->processRequest()
#2 D:\workspace\keii\index.php(13): CApplication->run()
#3 {main}
REQUEST_URI=/Fimages/slider-bg.png
HTTP_REFERER=http://localhost/
---
2013/05/12 23:16:00 [error] [exception.CHttpException.404] exception 'CHttpException' with message 'Unable to resolve the request "css/images/ui-bg_glass_75_e6e6e6_1x400.png".' in D:\workspace\keii\framework\web\CWebApplication.php:286
Stack trace:
#0 D:\workspace\keii\framework\web\CWebApplication.php(141): CWebApplication->runController('css/images/ui-b...')
#1 D:\workspace\keii\framework\base\CApplication.php(169): CWebApplication->processRequest()
#2 D:\workspace\keii\index.php(13): CApplication->run()
#3 {main}
REQUEST_URI=/css/images/ui-bg_glass_75_e6e6e6_1x400.png
HTTP_REFERER=http://localhost/
---
2013/05/12 23:16:00 [error] [exception.CHttpException.404] exception 'CHttpException' with message 'Unable to resolve the request "css/images/ui-bg_glass_65_ffffff_1x400.png".' in D:\workspace\keii\framework\web\CWebApplication.php:286
Stack trace:
#0 D:\workspace\keii\framework\web\CWebApplication.php(141): CWebApplication->runController('css/images/ui-b...')
#1 D:\workspace\keii\framework\base\CApplication.php(169): CWebApplication->processRequest()
#2 D:\workspace\keii\index.php(13): CApplication->run()
#3 {main}
REQUEST_URI=/css/images/ui-bg_glass_65_ffffff_1x400.png
HTTP_REFERER=http://localhost/
---
2013/05/12 23:16:00 [error] [exception.CHttpException.404] exception 'CHttpException' with message 'Unable to resolve the request "css/images/ui-bg_glass_75_dadada_1x400.png".' in D:\workspace\keii\framework\web\CWebApplication.php:286
Stack trace:
#0 D:\workspace\keii\framework\web\CWebApplication.php(141): CWebApplication->runController('css/images/ui-b...')
#1 D:\workspace\keii\framework\base\CApplication.php(169): CWebApplication->processRequest()
#2 D:\workspace\keii\index.php(13): CApplication->run()
#3 {main}
REQUEST_URI=/css/images/ui-bg_glass_75_dadada_1x400.png
HTTP_REFERER=http://localhost/
---
2013/05/12 23:16:00 [error] [exception.CHttpException.404] exception 'CHttpException' with message 'Unable to resolve the request "css/images/ui-bg_glass_55_fbf9ee_1x400.png".' in D:\workspace\keii\framework\web\CWebApplication.php:286
Stack trace:
#0 D:\workspace\keii\framework\web\CWebApplication.php(141): CWebApplication->runController('css/images/ui-b...')
#1 D:\workspace\keii\framework\base\CApplication.php(169): CWebApplication->processRequest()
#2 D:\workspace\keii\index.php(13): CApplication->run()
#3 {main}
REQUEST_URI=/css/images/ui-bg_glass_55_fbf9ee_1x400.png
HTTP_REFERER=http://localhost/
---
2013/05/12 23:16:00 [error] [exception.CHttpException.404] exception 'CHttpException' with message 'Unable to resolve the request "css/images/ui-bg_glass_95_fef1ec_1x400.png".' in D:\workspace\keii\framework\web\CWebApplication.php:286
Stack trace:
#0 D:\workspace\keii\framework\web\CWebApplication.php(141): CWebApplication->runController('css/images/ui-b...')
#1 D:\workspace\keii\framework\base\CApplication.php(169): CWebApplication->processRequest()
#2 D:\workspace\keii\index.php(13): CApplication->run()
#3 {main}
REQUEST_URI=/css/images/ui-bg_glass_95_fef1ec_1x400.png
HTTP_REFERER=http://localhost/
---
2013/05/12 23:16:01 [error] [exception.CHttpException.404] exception 'CHttpException' with message 'Unable to resolve the request "css/images/ui-icons_222222_256x240.png".' in D:\workspace\keii\framework\web\CWebApplication.php:286
Stack trace:
#0 D:\workspace\keii\framework\web\CWebApplication.php(141): CWebApplication->runController('css/images/ui-i...')
#1 D:\workspace\keii\framework\base\CApplication.php(169): CWebApplication->processRequest()
#2 D:\workspace\keii\index.php(13): CApplication->run()
#3 {main}
REQUEST_URI=/css/images/ui-icons_222222_256x240.png
HTTP_REFERER=http://localhost/
---
2013/05/12 23:16:01 [error] [exception.CHttpException.404] exception 'CHttpException' with message 'Unable to resolve the request "css/images/ui-icons_888888_256x240.png".' in D:\workspace\keii\framework\web\CWebApplication.php:286
Stack trace:
#0 D:\workspace\keii\framework\web\CWebApplication.php(141): CWebApplication->runController('css/images/ui-i...')
#1 D:\workspace\keii\framework\base\CApplication.php(169): CWebApplication->processRequest()
#2 D:\workspace\keii\index.php(13): CApplication->run()
#3 {main}
REQUEST_URI=/css/images/ui-icons_888888_256x240.png
HTTP_REFERER=http://localhost/
---
2013/05/12 23:16:01 [error] [exception.CHttpException.404] exception 'CHttpException' with message 'Unable to resolve the request "css/images/ui-icons_454545_256x240.png".' in D:\workspace\keii\framework\web\CWebApplication.php:286
Stack trace:
#0 D:\workspace\keii\framework\web\CWebApplication.php(141): CWebApplication->runController('css/images/ui-i...')
#1 D:\workspace\keii\framework\base\CApplication.php(169): CWebApplication->processRequest()
#2 D:\workspace\keii\index.php(13): CApplication->run()
#3 {main}
REQUEST_URI=/css/images/ui-icons_454545_256x240.png
HTTP_REFERER=http://localhost/
---
2013/05/12 23:16:01 [error] [exception.CHttpException.404] exception 'CHttpException' with message 'Unable to resolve the request "css/images/ui-icons_2e83ff_256x240.png".' in D:\workspace\keii\framework\web\CWebApplication.php:286
Stack trace:
#0 D:\workspace\keii\framework\web\CWebApplication.php(141): CWebApplication->runController('css/images/ui-i...')
#1 D:\workspace\keii\framework\base\CApplication.php(169): CWebApplication->processRequest()
#2 D:\workspace\keii\index.php(13): CApplication->run()
#3 {main}
REQUEST_URI=/css/images/ui-icons_2e83ff_256x240.png
HTTP_REFERER=http://localhost/
---
2013/05/12 23:16:01 [error] [exception.CHttpException.404] exception 'CHttpException' with message 'Unable to resolve the request "css/images/ui-icons_cd0a0a_256x240.png".' in D:\workspace\keii\framework\web\CWebApplication.php:286
Stack trace:
#0 D:\workspace\keii\framework\web\CWebApplication.php(141): CWebApplication->runController('css/images/ui-i...')
#1 D:\workspace\keii\framework\base\CApplication.php(169): CWebApplication->processRequest()
#2 D:\workspace\keii\index.php(13): CApplication->run()
#3 {main}
REQUEST_URI=/css/images/ui-icons_cd0a0a_256x240.png
HTTP_REFERER=http://localhost/
---
2013/05/12 23:16:01 [error] [exception.CHttpException.404] exception 'CHttpException' with message 'Unable to resolve the request "css/images/ui-bg_flat_0_aaaaaa_40x100.png".' in D:\workspace\keii\framework\web\CWebApplication.php:286
Stack trace:
#0 D:\workspace\keii\framework\web\CWebApplication.php(141): CWebApplication->runController('css/images/ui-b...')
#1 D:\workspace\keii\framework\base\CApplication.php(169): CWebApplication->processRequest()
#2 D:\workspace\keii\index.php(13): CApplication->run()
#3 {main}
REQUEST_URI=/css/images/ui-bg_flat_0_aaaaaa_40x100.png
HTTP_REFERER=http://localhost/
---
2013/05/12 23:16:01 [error] [exception.CHttpException.404] exception 'CHttpException' with message 'Unable to resolve the request "images/prettyPhoto/light_square/sprite.png".' in D:\workspace\keii\framework\web\CWebApplication.php:286
Stack trace:
#0 D:\workspace\keii\framework\web\CWebApplication.php(141): CWebApplication->runController('images/prettyPh...')
#1 D:\workspace\keii\framework\base\CApplication.php(169): CWebApplication->processRequest()
#2 D:\workspace\keii\index.php(13): CApplication->run()
#3 {main}
REQUEST_URI=/images/prettyPhoto/light_square/sprite.png
HTTP_REFERER=http://localhost/
---
2013/05/12 23:16:01 [error] [exception.CHttpException.404] exception 'CHttpException' with message 'Unable to resolve the request "images/prettyPhoto/light_square/btnNext.png".' in D:\workspace\keii\framework\web\CWebApplication.php:286
Stack trace:
#0 D:\workspace\keii\framework\web\CWebApplication.php(141): CWebApplication->runController('images/prettyPh...')
#1 D:\workspace\keii\framework\base\CApplication.php(169): CWebApplication->processRequest()
#2 D:\workspace\keii\index.php(13): CApplication->run()
#3 {main}
REQUEST_URI=/images/prettyPhoto/light_square/btnNext.png
HTTP_REFERER=http://localhost/
---
2013/05/12 23:16:01 [error] [exception.CHttpException.404] exception 'CHttpException' with message 'Unable to resolve the request "images/prettyPhoto/light_square/btnPrevious.png".' in D:\workspace\keii\framework\web\CWebApplication.php:286
Stack trace:
#0 D:\workspace\keii\framework\web\CWebApplication.php(141): CWebApplication->runController('images/prettyPh...')
#1 D:\workspace\keii\framework\base\CApplication.php(169): CWebApplication->processRequest()
#2 D:\workspace\keii\index.php(13): CApplication->run()
#3 {main}
REQUEST_URI=/images/prettyPhoto/light_square/btnPrevious.png
HTTP_REFERER=http://localhost/
---
2013/05/12 23:16:01 [error] [exception.CHttpException.404] exception 'CHttpException' with message 'Unable to resolve the request "images/button-light.png".' in D:\workspace\keii\framework\web\CWebApplication.php:286
Stack trace:
#0 D:\workspace\keii\framework\web\CWebApplication.php(141): CWebApplication->runController('images/button-l...')
#1 D:\workspace\keii\framework\base\CApplication.php(169): CWebApplication->processRequest()
#2 D:\workspace\keii\index.php(13): CApplication->run()
#3 {main}
REQUEST_URI=/images/button-light.png
HTTP_REFERER=http://localhost/
---
2013/05/12 23:16:01 [error] [exception.CHttpException.404] exception 'CHttpException' with message 'Unable to resolve the request "images/text-field-bg.png".' in D:\workspace\keii\framework\web\CWebApplication.php:286
Stack trace:
#0 D:\workspace\keii\framework\web\CWebApplication.php(141): CWebApplication->runController('images/text-fie...')
#1 D:\workspace\keii\framework\base\CApplication.php(169): CWebApplication->processRequest()
#2 D:\workspace\keii\index.php(13): CApplication->run()
#3 {main}
REQUEST_URI=/images/text-field-bg.png
HTTP_REFERER=http://localhost/
---
2013/05/12 23:16:01 [error] [exception.CHttpException.404] exception 'CHttpException' with message 'Unable to resolve the request "images/black-btn-bg.png".' in D:\workspace\keii\framework\web\CWebApplication.php:286
Stack trace:
#0 D:\workspace\keii\framework\web\CWebApplication.php(141): CWebApplication->runController('images/black-bt...')
#1 D:\workspace\keii\framework\base\CApplication.php(169): CWebApplication->processRequest()
#2 D:\workspace\keii\index.php(13): CApplication->run()
#3 {main}
REQUEST_URI=/images/black-btn-bg.png
HTTP_REFERER=http://localhost/
---
2013/05/12 23:16:01 [error] [exception.CHttpException.404] exception 'CHttpException' with message 'Unable to resolve the request "images/sp-fade.png".' in D:\workspace\keii\framework\web\CWebApplication.php:286
Stack trace:
#0 D:\workspace\keii\framework\web\CWebApplication.php(141): CWebApplication->runController('images/sp-fade....')
#1 D:\workspace\keii\framework\base\CApplication.php(169): CWebApplication->processRequest()
#2 D:\workspace\keii\index.php(13): CApplication->run()
#3 {main}
REQUEST_URI=/images/sp-fade.png
HTTP_REFERER=http://localhost/
---
2013/05/12 23:16:01 [error] [exception.CHttpException.404] exception 'CHttpException' with message 'Unable to resolve the request "images/404-shadow.png".' in D:\workspace\keii\framework\web\CWebApplication.php:286
Stack trace:
#0 D:\workspace\keii\framework\web\CWebApplication.php(141): CWebApplication->runController('images/404-shad...')
#1 D:\workspace\keii\framework\base\CApplication.php(169): CWebApplication->processRequest()
#2 D:\workspace\keii\index.php(13): CApplication->run()
#3 {main}
REQUEST_URI=/images/404-shadow.png
HTTP_REFERER=http://localhost/
---
2013/05/12 23:16:23 [error] [exception.CHttpException.404] exception 'CHttpException' with message 'Unable to resolve the request "images/slide-overlay.png".' in D:\workspace\keii\framework\web\CWebApplication.php:286
Stack trace:
#0 D:\workspace\keii\framework\web\CWebApplication.php(141): CWebApplication->runController('images/slide-ov...')
#1 D:\workspace\keii\framework\base\CApplication.php(169): CWebApplication->processRequest()
#2 D:\workspace\keii\index.php(13): CApplication->run()
#3 {main}
REQUEST_URI=/images/slide-overlay.png
HTTP_REFERER=http://localhost/site/index
---
2013/05/12 23:16:23 [error] [exception.CHttpException.404] exception 'CHttpException' with message 'Unable to resolve the request "images/loading.gif".' in D:\workspace\keii\framework\web\CWebApplication.php:286
Stack trace:
#0 D:\workspace\keii\framework\web\CWebApplication.php(141): CWebApplication->runController('images/loading....')
#1 D:\workspace\keii\framework\base\CApplication.php(169): CWebApplication->processRequest()
#2 D:\workspace\keii\index.php(13): CApplication->run()
#3 {main}
REQUEST_URI=/images/loading.gif
HTTP_REFERER=http://localhost/site/index
---
2013/05/12 23:16:23 [error] [exception.CHttpException.404] exception 'CHttpException' with message 'Unable to resolve the request "Fimages/slider-bg.png".' in D:\workspace\keii\framework\web\CWebApplication.php:286
Stack trace:
#0 D:\workspace\keii\framework\web\CWebApplication.php(141): CWebApplication->runController('Fimages/slider-...')
#1 D:\workspace\keii\framework\base\CApplication.php(169): CWebApplication->processRequest()
#2 D:\workspace\keii\index.php(13): CApplication->run()
#3 {main}
REQUEST_URI=/Fimages/slider-bg.png
HTTP_REFERER=http://localhost/site/index
---
2013/05/12 23:16:23 [error] [exception.CHttpException.404] exception 'CHttpException' with message 'Unable to resolve the request "css/images/ui-bg_glass_75_e6e6e6_1x400.png".' in D:\workspace\keii\framework\web\CWebApplication.php:286
Stack trace:
#0 D:\workspace\keii\framework\web\CWebApplication.php(141): CWebApplication->runController('css/images/ui-b...')
#1 D:\workspace\keii\framework\base\CApplication.php(169): CWebApplication->processRequest()
#2 D:\workspace\keii\index.php(13): CApplication->run()
#3 {main}
REQUEST_URI=/css/images/ui-bg_glass_75_e6e6e6_1x400.png
HTTP_REFERER=http://localhost/site/index
---
2013/05/12 23:16:23 [error] [exception.CHttpException.404] exception 'CHttpException' with message 'Unable to resolve the request "css/images/ui-bg_glass_75_dadada_1x400.png".' in D:\workspace\keii\framework\web\CWebApplication.php:286
Stack trace:
#0 D:\workspace\keii\framework\web\CWebApplication.php(141): CWebApplication->runController('css/images/ui-b...')
#1 D:\workspace\keii\framework\base\CApplication.php(169): CWebApplication->processRequest()
#2 D:\workspace\keii\index.php(13): CApplication->run()
#3 {main}
REQUEST_URI=/css/images/ui-bg_glass_75_dadada_1x400.png
HTTP_REFERER=http://localhost/site/index
---
2013/05/12 23:16:23 [error] [exception.CHttpException.404] exception 'CHttpException' with message 'Unable to resolve the request "css/images/ui-bg_glass_65_ffffff_1x400.png".' in D:\workspace\keii\framework\web\CWebApplication.php:286
Stack trace:
#0 D:\workspace\keii\framework\web\CWebApplication.php(141): CWebApplication->runController('css/images/ui-b...')
#1 D:\workspace\keii\framework\base\CApplication.php(169): CWebApplication->processRequest()
#2 D:\workspace\keii\index.php(13): CApplication->run()
#3 {main}
REQUEST_URI=/css/images/ui-bg_glass_65_ffffff_1x400.png
HTTP_REFERER=http://localhost/site/index
---
2013/05/12 23:16:23 [error] [exception.CHttpException.404] exception 'CHttpException' with message 'Unable to resolve the request "css/images/ui-bg_glass_55_fbf9ee_1x400.png".' in D:\workspace\keii\framework\web\CWebApplication.php:286
Stack trace:
#0 D:\workspace\keii\framework\web\CWebApplication.php(141): CWebApplication->runController('css/images/ui-b...')
#1 D:\workspace\keii\framework\base\CApplication.php(169): CWebApplication->processRequest()
#2 D:\workspace\keii\index.php(13): CApplication->run()
#3 {main}
REQUEST_URI=/css/images/ui-bg_glass_55_fbf9ee_1x400.png
HTTP_REFERER=http://localhost/site/index
---
2013/05/12 23:16:23 [error] [exception.CHttpException.404] exception 'CHttpException' with message 'Unable to resolve the request "css/images/ui-bg_glass_95_fef1ec_1x400.png".' in D:\workspace\keii\framework\web\CWebApplication.php:286
Stack trace:
#0 D:\workspace\keii\framework\web\CWebApplication.php(141): CWebApplication->runController('css/images/ui-b...')
#1 D:\workspace\keii\framework\base\CApplication.php(169): CWebApplication->processRequest()
#2 D:\workspace\keii\index.php(13): CApplication->run()
#3 {main}
REQUEST_URI=/css/images/ui-bg_glass_95_fef1ec_1x400.png
HTTP_REFERER=http://localhost/site/index
---
2013/05/12 23:16:23 [error] [exception.CHttpException.404] exception 'CHttpException' with message 'Unable to resolve the request "css/images/ui-icons_222222_256x240.png".' in D:\workspace\keii\framework\web\CWebApplication.php:286
Stack trace:
#0 D:\workspace\keii\framework\web\CWebApplication.php(141): CWebApplication->runController('css/images/ui-i...')
#1 D:\workspace\keii\framework\base\CApplication.php(169): CWebApplication->processRequest()
#2 D:\workspace\keii\index.php(13): CApplication->run()
#3 {main}
REQUEST_URI=/css/images/ui-icons_222222_256x240.png
HTTP_REFERER=http://localhost/site/index
---
2013/05/12 23:16:23 [error] [exception.CHttpException.404] exception 'CHttpException' with message 'Unable to resolve the request "css/images/ui-icons_888888_256x240.png".' in D:\workspace\keii\framework\web\CWebApplication.php:286
Stack trace:
#0 D:\workspace\keii\framework\web\CWebApplication.php(141): CWebApplication->runController('css/images/ui-i...')
#1 D:\workspace\keii\framework\base\CApplication.php(169): CWebApplication->processRequest()
#2 D:\workspace\keii\index.php(13): CApplication->run()
#3 {main}
REQUEST_URI=/css/images/ui-icons_888888_256x240.png
HTTP_REFERER=http://localhost/site/index
---
2013/05/12 23:16:23 [error] [exception.CHttpException.404] exception 'CHttpException' with message 'Unable to resolve the request "css/images/ui-icons_454545_256x240.png".' in D:\workspace\keii\framework\web\CWebApplication.php:286
Stack trace:
#0 D:\workspace\keii\framework\web\CWebApplication.php(141): CWebApplication->runController('css/images/ui-i...')
#1 D:\workspace\keii\framework\base\CApplication.php(169): CWebApplication->processRequest()
#2 D:\workspace\keii\index.php(13): CApplication->run()
#3 {main}
REQUEST_URI=/css/images/ui-icons_454545_256x240.png
HTTP_REFERER=http://localhost/site/index
---
2013/05/12 23:16:23 [error] [exception.CHttpException.404] exception 'CHttpException' with message 'Unable to resolve the request "css/images/ui-icons_2e83ff_256x240.png".' in D:\workspace\keii\framework\web\CWebApplication.php:286
Stack trace:
#0 D:\workspace\keii\framework\web\CWebApplication.php(141): CWebApplication->runController('css/images/ui-i...')
#1 D:\workspace\keii\framework\base\CApplication.php(169): CWebApplication->processRequest()
#2 D:\workspace\keii\index.php(13): CApplication->run()
#3 {main}
REQUEST_URI=/css/images/ui-icons_2e83ff_256x240.png
HTTP_REFERER=http://localhost/site/index
---
2013/05/12 23:16:24 [error] [exception.CHttpException.404] exception 'CHttpException' with message 'Unable to resolve the request "css/images/ui-icons_cd0a0a_256x240.png".' in D:\workspace\keii\framework\web\CWebApplication.php:286
Stack trace:
#0 D:\workspace\keii\framework\web\CWebApplication.php(141): CWebApplication->runController('css/images/ui-i...')
#1 D:\workspace\keii\framework\base\CApplication.php(169): CWebApplication->processRequest()
#2 D:\workspace\keii\index.php(13): CApplication->run()
#3 {main}
REQUEST_URI=/css/images/ui-icons_cd0a0a_256x240.png
HTTP_REFERER=http://localhost/site/index
---
2013/05/12 23:16:24 [error] [exception.CHttpException.404] exception 'CHttpException' with message 'Unable to resolve the request "css/images/ui-bg_flat_0_aaaaaa_40x100.png".' in D:\workspace\keii\framework\web\CWebApplication.php:286
Stack trace:
#0 D:\workspace\keii\framework\web\CWebApplication.php(141): CWebApplication->runController('css/images/ui-b...')
#1 D:\workspace\keii\framework\base\CApplication.php(169): CWebApplication->processRequest()
#2 D:\workspace\keii\index.php(13): CApplication->run()
#3 {main}
REQUEST_URI=/css/images/ui-bg_flat_0_aaaaaa_40x100.png
HTTP_REFERER=http://localhost/site/index
---
2013/05/12 23:16:24 [error] [exception.CHttpException.404] exception 'CHttpException' with message 'Unable to resolve the request "images/prettyPhoto/light_square/sprite.png".' in D:\workspace\keii\framework\web\CWebApplication.php:286
Stack trace:
#0 D:\workspace\keii\framework\web\CWebApplication.php(141): CWebApplication->runController('images/prettyPh...')
#1 D:\workspace\keii\framework\base\CApplication.php(169): CWebApplication->processRequest()
#2 D:\workspace\keii\index.php(13): CApplication->run()
#3 {main}
REQUEST_URI=/images/prettyPhoto/light_square/sprite.png
HTTP_REFERER=http://localhost/site/index
---
2013/05/12 23:16:24 [error] [exception.CHttpException.404] exception 'CHttpException' with message 'Unable to resolve the request "images/prettyPhoto/light_square/btnNext.png".' in D:\workspace\keii\framework\web\CWebApplication.php:286
Stack trace:
#0 D:\workspace\keii\framework\web\CWebApplication.php(141): CWebApplication->runController('images/prettyPh...')
#1 D:\workspace\keii\framework\base\CApplication.php(169): CWebApplication->processRequest()
#2 D:\workspace\keii\index.php(13): CApplication->run()
#3 {main}
REQUEST_URI=/images/prettyPhoto/light_square/btnNext.png
HTTP_REFERER=http://localhost/site/index
---
2013/05/12 23:16:24 [error] [exception.CHttpException.404] exception 'CHttpException' with message 'Unable to resolve the request "images/prettyPhoto/light_square/btnPrevious.png".' in D:\workspace\keii\framework\web\CWebApplication.php:286
Stack trace:
#0 D:\workspace\keii\framework\web\CWebApplication.php(141): CWebApplication->runController('images/prettyPh...')
#1 D:\workspace\keii\framework\base\CApplication.php(169): CWebApplication->processRequest()
#2 D:\workspace\keii\index.php(13): CApplication->run()
#3 {main}
REQUEST_URI=/images/prettyPhoto/light_square/btnPrevious.png
HTTP_REFERER=http://localhost/site/index
---
2013/05/12 23:16:24 [error] [exception.CHttpException.404] exception 'CHttpException' with message 'Unable to resolve the request "images/button-light.png".' in D:\workspace\keii\framework\web\CWebApplication.php:286
Stack trace:
#0 D:\workspace\keii\framework\web\CWebApplication.php(141): CWebApplication->runController('images/button-l...')
#1 D:\workspace\keii\framework\base\CApplication.php(169): CWebApplication->processRequest()
#2 D:\workspace\keii\index.php(13): CApplication->run()
#3 {main}
REQUEST_URI=/images/button-light.png
HTTP_REFERER=http://localhost/site/index
---
2013/05/12 23:16:24 [error] [exception.CHttpException.404] exception 'CHttpException' with message 'Unable to resolve the request "images/text-field-bg.png".' in D:\workspace\keii\framework\web\CWebApplication.php:286
Stack trace:
#0 D:\workspace\keii\framework\web\CWebApplication.php(141): CWebApplication->runController('images/text-fie...')
#1 D:\workspace\keii\framework\base\CApplication.php(169): CWebApplication->processRequest()
#2 D:\workspace\keii\index.php(13): CApplication->run()
#3 {main}
REQUEST_URI=/images/text-field-bg.png
HTTP_REFERER=http://localhost/site/index
---
2013/05/12 23:16:24 [error] [exception.CHttpException.404] exception 'CHttpException' with message 'Unable to resolve the request "images/black-btn-bg.png".' in D:\workspace\keii\framework\web\CWebApplication.php:286
Stack trace:
#0 D:\workspace\keii\framework\web\CWebApplication.php(141): CWebApplication->runController('images/black-bt...')
#1 D:\workspace\keii\framework\base\CApplication.php(169): CWebApplication->processRequest()
#2 D:\workspace\keii\index.php(13): CApplication->run()
#3 {main}
REQUEST_URI=/images/black-btn-bg.png
HTTP_REFERER=http://localhost/site/index
---
2013/05/12 23:16:24 [error] [exception.CHttpException.404] exception 'CHttpException' with message 'Unable to resolve the request "images/sp-fade.png".' in D:\workspace\keii\framework\web\CWebApplication.php:286
Stack trace:
#0 D:\workspace\keii\framework\web\CWebApplication.php(141): CWebApplication->runController('images/sp-fade....')
#1 D:\workspace\keii\framework\base\CApplication.php(169): CWebApplication->processRequest()
#2 D:\workspace\keii\index.php(13): CApplication->run()
#3 {main}
REQUEST_URI=/images/sp-fade.png
HTTP_REFERER=http://localhost/site/index
---
2013/05/12 23:16:24 [error] [exception.CHttpException.404] exception 'CHttpException' with message 'Unable to resolve the request "images/404-shadow.png".' in D:\workspace\keii\framework\web\CWebApplication.php:286
Stack trace:
#0 D:\workspace\keii\framework\web\CWebApplication.php(141): CWebApplication->runController('images/404-shad...')
#1 D:\workspace\keii\framework\base\CApplication.php(169): CWebApplication->processRequest()
#2 D:\workspace\keii\index.php(13): CApplication->run()
#3 {main}
REQUEST_URI=/images/404-shadow.png
HTTP_REFERER=http://localhost/site/index
---
2013/05/12 23:16:30 [error] [exception.CHttpException.404] exception 'CHttpException' with message 'Unable to resolve the request "css/images/ui-bg_glass_75_e6e6e6_1x400.png".' in D:\workspace\keii\framework\web\CWebApplication.php:286
Stack trace:
#0 D:\workspace\keii\framework\web\CWebApplication.php(141): CWebApplication->runController('css/images/ui-b...')
#1 D:\workspace\keii\framework\base\CApplication.php(169): CWebApplication->processRequest()
#2 D:\workspace\keii\index.php(13): CApplication->run()
#3 {main}
REQUEST_URI=/css/images/ui-bg_glass_75_e6e6e6_1x400.png
HTTP_REFERER=http://localhost/user/info
---
2013/05/12 23:16:30 [error] [exception.CHttpException.404] exception 'CHttpException' with message 'Unable to resolve the request "css/images/ui-bg_glass_75_dadada_1x400.png".' in D:\workspace\keii\framework\web\CWebApplication.php:286
Stack trace:
#0 D:\workspace\keii\framework\web\CWebApplication.php(141): CWebApplication->runController('css/images/ui-b...')
#1 D:\workspace\keii\framework\base\CApplication.php(169): CWebApplication->processRequest()
#2 D:\workspace\keii\index.php(13): CApplication->run()
#3 {main}
REQUEST_URI=/css/images/ui-bg_glass_75_dadada_1x400.png
HTTP_REFERER=http://localhost/user/info
---
2013/05/12 23:16:30 [error] [exception.CHttpException.404] exception 'CHttpException' with message 'Unable to resolve the request "css/images/ui-bg_glass_65_ffffff_1x400.png".' in D:\workspace\keii\framework\web\CWebApplication.php:286
Stack trace:
#0 D:\workspace\keii\framework\web\CWebApplication.php(141): CWebApplication->runController('css/images/ui-b...')
#1 D:\workspace\keii\framework\base\CApplication.php(169): CWebApplication->processRequest()
#2 D:\workspace\keii\index.php(13): CApplication->run()
#3 {main}
REQUEST_URI=/css/images/ui-bg_glass_65_ffffff_1x400.png
HTTP_REFERER=http://localhost/user/info
---
2013/05/12 23:16:30 [error] [exception.CHttpException.404] exception 'CHttpException' with message 'Unable to resolve the request "css/images/ui-bg_glass_55_fbf9ee_1x400.png".' in D:\workspace\keii\framework\web\CWebApplication.php:286
Stack trace:
#0 D:\workspace\keii\framework\web\CWebApplication.php(141): CWebApplication->runController('css/images/ui-b...')
#1 D:\workspace\keii\framework\base\CApplication.php(169): CWebApplication->processRequest()
#2 D:\workspace\keii\index.php(13): CApplication->run()
#3 {main}
REQUEST_URI=/css/images/ui-bg_glass_55_fbf9ee_1x400.png
HTTP_REFERER=http://localhost/user/info
---
2013/05/12 23:16:30 [error] [exception.CHttpException.404] exception 'CHttpException' with message 'Unable to resolve the request "css/images/ui-bg_glass_95_fef1ec_1x400.png".' in D:\workspace\keii\framework\web\CWebApplication.php:286
Stack trace:
#0 D:\workspace\keii\framework\web\CWebApplication.php(141): CWebApplication->runController('css/images/ui-b...')
#1 D:\workspace\keii\framework\base\CApplication.php(169): CWebApplication->processRequest()
#2 D:\workspace\keii\index.php(13): CApplication->run()
#3 {main}
REQUEST_URI=/css/images/ui-bg_glass_95_fef1ec_1x400.png
HTTP_REFERER=http://localhost/user/info
---
2013/05/12 23:16:30 [error] [exception.CHttpException.404] exception 'CHttpException' with message 'Unable to resolve the request "css/images/ui-icons_222222_256x240.png".' in D:\workspace\keii\framework\web\CWebApplication.php:286
Stack trace:
#0 D:\workspace\keii\framework\web\CWebApplication.php(141): CWebApplication->runController('css/images/ui-i...')
#1 D:\workspace\keii\framework\base\CApplication.php(169): CWebApplication->processRequest()
#2 D:\workspace\keii\index.php(13): CApplication->run()
#3 {main}
REQUEST_URI=/css/images/ui-icons_222222_256x240.png
HTTP_REFERER=http://localhost/user/info
---
2013/05/12 23:16:30 [error] [exception.CHttpException.404] exception 'CHttpException' with message 'Unable to resolve the request "css/images/ui-icons_888888_256x240.png".' in D:\workspace\keii\framework\web\CWebApplication.php:286
Stack trace:
#0 D:\workspace\keii\framework\web\CWebApplication.php(141): CWebApplication->runController('css/images/ui-i...')
#1 D:\workspace\keii\framework\base\CApplication.php(169): CWebApplication->processRequest()
#2 D:\workspace\keii\index.php(13): CApplication->run()
#3 {main}
REQUEST_URI=/css/images/ui-icons_888888_256x240.png
HTTP_REFERER=http://localhost/user/info
---
2013/05/12 23:16:30 [error] [exception.CHttpException.404] exception 'CHttpException' with message 'Unable to resolve the request "css/images/ui-icons_454545_256x240.png".' in D:\workspace\keii\framework\web\CWebApplication.php:286
Stack trace:
#0 D:\workspace\keii\framework\web\CWebApplication.php(141): CWebApplication->runController('css/images/ui-i...')
#1 D:\workspace\keii\framework\base\CApplication.php(169): CWebApplication->processRequest()
#2 D:\workspace\keii\index.php(13): CApplication->run()
#3 {main}
REQUEST_URI=/css/images/ui-icons_454545_256x240.png
HTTP_REFERER=http://localhost/user/info
---
2013/05/12 23:16:30 [error] [exception.CHttpException.404] exception 'CHttpException' with message 'Unable to resolve the request "css/images/ui-icons_2e83ff_256x240.png".' in D:\workspace\keii\framework\web\CWebApplication.php:286
Stack trace:
#0 D:\workspace\keii\framework\web\CWebApplication.php(141): CWebApplication->runController('css/images/ui-i...')
#1 D:\workspace\keii\framework\base\CApplication.php(169): CWebApplication->processRequest()
#2 D:\workspace\keii\index.php(13): CApplication->run()
#3 {main}
REQUEST_URI=/css/images/ui-icons_2e83ff_256x240.png
HTTP_REFERER=http://localhost/user/info
---
2013/05/12 23:16:30 [error] [exception.CHttpException.404] exception 'CHttpException' with message 'Unable to resolve the request "css/images/ui-icons_cd0a0a_256x240.png".' in D:\workspace\keii\framework\web\CWebApplication.php:286
Stack trace:
#0 D:\workspace\keii\framework\web\CWebApplication.php(141): CWebApplication->runController('css/images/ui-i...')
#1 D:\workspace\keii\framework\base\CApplication.php(169): CWebApplication->processRequest()
#2 D:\workspace\keii\index.php(13): CApplication->run()
#3 {main}
REQUEST_URI=/css/images/ui-icons_cd0a0a_256x240.png
HTTP_REFERER=http://localhost/user/info
---
2013/05/12 23:16:30 [error] [exception.CHttpException.404] exception 'CHttpException' with message 'Unable to resolve the request "css/images/ui-bg_flat_0_aaaaaa_40x100.png".' in D:\workspace\keii\framework\web\CWebApplication.php:286
Stack trace:
#0 D:\workspace\keii\framework\web\CWebApplication.php(141): CWebApplication->runController('css/images/ui-b...')
#1 D:\workspace\keii\framework\base\CApplication.php(169): CWebApplication->processRequest()
#2 D:\workspace\keii\index.php(13): CApplication->run()
#3 {main}
REQUEST_URI=/css/images/ui-bg_flat_0_aaaaaa_40x100.png
HTTP_REFERER=http://localhost/user/info
---
2013/05/12 23:16:30 [error] [exception.CHttpException.404] exception 'CHttpException' with message 'Unable to resolve the request "images/loading.gif".' in D:\workspace\keii\framework\web\CWebApplication.php:286
Stack trace:
#0 D:\workspace\keii\framework\web\CWebApplication.php(141): CWebApplication->runController('images/loading....')
#1 D:\workspace\keii\framework\base\CApplication.php(169): CWebApplication->processRequest()
#2 D:\workspace\keii\index.php(13): CApplication->run()
#3 {main}
REQUEST_URI=/images/loading.gif
HTTP_REFERER=http://localhost/user/info
---
2013/05/12 23:16:30 [error] [exception.CHttpException.404] exception 'CHttpException' with message 'Unable to resolve the request "images/prettyPhoto/light_square/sprite.png".' in D:\workspace\keii\framework\web\CWebApplication.php:286
Stack trace:
#0 D:\workspace\keii\framework\web\CWebApplication.php(141): CWebApplication->runController('images/prettyPh...')
#1 D:\workspace\keii\framework\base\CApplication.php(169): CWebApplication->processRequest()
#2 D:\workspace\keii\index.php(13): CApplication->run()
#3 {main}
REQUEST_URI=/images/prettyPhoto/light_square/sprite.png
HTTP_REFERER=http://localhost/user/info
---
2013/05/12 23:16:30 [error] [exception.CHttpException.404] exception 'CHttpException' with message 'Unable to resolve the request "images/prettyPhoto/light_square/btnNext.png".' in D:\workspace\keii\framework\web\CWebApplication.php:286
Stack trace:
#0 D:\workspace\keii\framework\web\CWebApplication.php(141): CWebApplication->runController('images/prettyPh...')
#1 D:\workspace\keii\framework\base\CApplication.php(169): CWebApplication->processRequest()
#2 D:\workspace\keii\index.php(13): CApplication->run()
#3 {main}
REQUEST_URI=/images/prettyPhoto/light_square/btnNext.png
HTTP_REFERER=http://localhost/user/info
---
2013/05/12 23:16:30 [error] [exception.CHttpException.404] exception 'CHttpException' with message 'Unable to resolve the request "images/prettyPhoto/light_square/btnPrevious.png".' in D:\workspace\keii\framework\web\CWebApplication.php:286
Stack trace:
#0 D:\workspace\keii\framework\web\CWebApplication.php(141): CWebApplication->runController('images/prettyPh...')
#1 D:\workspace\keii\framework\base\CApplication.php(169): CWebApplication->processRequest()
#2 D:\workspace\keii\index.php(13): CApplication->run()
#3 {main}
REQUEST_URI=/images/prettyPhoto/light_square/btnPrevious.png
HTTP_REFERER=http://localhost/user/info
---
2013/05/12 23:16:30 [error] [exception.CHttpException.404] exception 'CHttpException' with message 'Unable to resolve the request "images/button-light.png".' in D:\workspace\keii\framework\web\CWebApplication.php:286
Stack trace:
#0 D:\workspace\keii\framework\web\CWebApplication.php(141): CWebApplication->runController('images/button-l...')
#1 D:\workspace\keii\framework\base\CApplication.php(169): CWebApplication->processRequest()
#2 D:\workspace\keii\index.php(13): CApplication->run()
#3 {main}
REQUEST_URI=/images/button-light.png
HTTP_REFERER=http://localhost/user/info
---
2013/05/12 23:16:30 [error] [exception.CHttpException.404] exception 'CHttpException' with message 'Unable to resolve the request "images/text-field-bg.png".' in D:\workspace\keii\framework\web\CWebApplication.php:286
Stack trace:
#0 D:\workspace\keii\framework\web\CWebApplication.php(141): CWebApplication->runController('images/text-fie...')
#1 D:\workspace\keii\framework\base\CApplication.php(169): CWebApplication->processRequest()
#2 D:\workspace\keii\index.php(13): CApplication->run()
#3 {main}
REQUEST_URI=/images/text-field-bg.png
HTTP_REFERER=http://localhost/user/info
---
2013/05/12 23:16:31 [error] [exception.CHttpException.404] exception 'CHttpException' with message 'Unable to resolve the request "images/black-btn-bg.png".' in D:\workspace\keii\framework\web\CWebApplication.php:286
Stack trace:
#0 D:\workspace\keii\framework\web\CWebApplication.php(141): CWebApplication->runController('images/black-bt...')
#1 D:\workspace\keii\framework\base\CApplication.php(169): CWebApplication->processRequest()
#2 D:\workspace\keii\index.php(13): CApplication->run()
#3 {main}
REQUEST_URI=/images/black-btn-bg.png
HTTP_REFERER=http://localhost/user/info
---
2013/05/12 23:16:31 [error] [exception.CHttpException.404] exception 'CHttpException' with message 'Unable to resolve the request "Fimages/slider-bg.png".' in D:\workspace\keii\framework\web\CWebApplication.php:286
Stack trace:
#0 D:\workspace\keii\framework\web\CWebApplication.php(141): CWebApplication->runController('Fimages/slider-...')
#1 D:\workspace\keii\framework\base\CApplication.php(169): CWebApplication->processRequest()
#2 D:\workspace\keii\index.php(13): CApplication->run()
#3 {main}
REQUEST_URI=/Fimages/slider-bg.png
HTTP_REFERER=http://localhost/user/info
---
2013/05/12 23:16:31 [error] [exception.CHttpException.404] exception 'CHttpException' with message 'Unable to resolve the request "images/slide-overlay.png".' in D:\workspace\keii\framework\web\CWebApplication.php:286
Stack trace:
#0 D:\workspace\keii\framework\web\CWebApplication.php(141): CWebApplication->runController('images/slide-ov...')
#1 D:\workspace\keii\framework\base\CApplication.php(169): CWebApplication->processRequest()
#2 D:\workspace\keii\index.php(13): CApplication->run()
#3 {main}
REQUEST_URI=/images/slide-overlay.png
HTTP_REFERER=http://localhost/user/info
---
2013/05/12 23:16:31 [error] [exception.CHttpException.404] exception 'CHttpException' with message 'Unable to resolve the request "images/sp-fade.png".' in D:\workspace\keii\framework\web\CWebApplication.php:286
Stack trace:
#0 D:\workspace\keii\framework\web\CWebApplication.php(141): CWebApplication->runController('images/sp-fade....')
#1 D:\workspace\keii\framework\base\CApplication.php(169): CWebApplication->processRequest()
#2 D:\workspace\keii\index.php(13): CApplication->run()
#3 {main}
REQUEST_URI=/images/sp-fade.png
HTTP_REFERER=http://localhost/user/info
---
2013/05/12 23:16:31 [error] [exception.CHttpException.404] exception 'CHttpException' with message 'Unable to resolve the request "images/404-shadow.png".' in D:\workspace\keii\framework\web\CWebApplication.php:286
Stack trace:
#0 D:\workspace\keii\framework\web\CWebApplication.php(141): CWebApplication->runController('images/404-shad...')
#1 D:\workspace\keii\framework\base\CApplication.php(169): CWebApplication->processRequest()
#2 D:\workspace\keii\index.php(13): CApplication->run()
#3 {main}
REQUEST_URI=/images/404-shadow.png
HTTP_REFERER=http://localhost/user/info
---
2013/05/12 23:16:38 [error] [exception.CHttpException.404] exception 'CHttpException' with message 'Unable to resolve the request "css/images/ui-bg_glass_75_e6e6e6_1x400.png".' in D:\workspace\keii\framework\web\CWebApplication.php:286
Stack trace:
#0 D:\workspace\keii\framework\web\CWebApplication.php(141): CWebApplication->runController('css/images/ui-b...')
#1 D:\workspace\keii\framework\base\CApplication.php(169): CWebApplication->processRequest()
#2 D:\workspace\keii\index.php(13): CApplication->run()
#3 {main}
REQUEST_URI=/css/images/ui-bg_glass_75_e6e6e6_1x400.png
HTTP_REFERER=http://localhost/
---
2013/05/12 23:16:38 [error] [exception.CHttpException.404] exception 'CHttpException' with message 'Unable to resolve the request "images/loading.gif".' in D:\workspace\keii\framework\web\CWebApplication.php:286
Stack trace:
#0 D:\workspace\keii\framework\web\CWebApplication.php(141): CWebApplication->runController('images/loading....')
#1 D:\workspace\keii\framework\base\CApplication.php(169): CWebApplication->processRequest()
#2 D:\workspace\keii\index.php(13): CApplication->run()
#3 {main}
REQUEST_URI=/images/loading.gif
HTTP_REFERER=http://localhost/
---
2013/05/12 23:16:38 [error] [exception.CHttpException.404] exception 'CHttpException' with message 'Unable to resolve the request "images/slide-overlay.png".' in D:\workspace\keii\framework\web\CWebApplication.php:286
Stack trace:
#0 D:\workspace\keii\framework\web\CWebApplication.php(141): CWebApplication->runController('images/slide-ov...')
#1 D:\workspace\keii\framework\base\CApplication.php(169): CWebApplication->processRequest()
#2 D:\workspace\keii\index.php(13): CApplication->run()
#3 {main}
REQUEST_URI=/images/slide-overlay.png
HTTP_REFERER=http://localhost/
---
2013/05/12 23:16:38 [error] [exception.CHttpException.404] exception 'CHttpException' with message 'Unable to resolve the request "Fimages/slider-bg.png".' in D:\workspace\keii\framework\web\CWebApplication.php:286
Stack trace:
#0 D:\workspace\keii\framework\web\CWebApplication.php(141): CWebApplication->runController('Fimages/slider-...')
#1 D:\workspace\keii\framework\base\CApplication.php(169): CWebApplication->processRequest()
#2 D:\workspace\keii\index.php(13): CApplication->run()
#3 {main}
REQUEST_URI=/Fimages/slider-bg.png
HTTP_REFERER=http://localhost/
---
2013/05/12 23:16:38 [error] [exception.CHttpException.404] exception 'CHttpException' with message 'Unable to resolve the request "css/images/ui-bg_glass_65_ffffff_1x400.png".' in D:\workspace\keii\framework\web\CWebApplication.php:286
Stack trace:
#0 D:\workspace\keii\framework\web\CWebApplication.php(141): CWebApplication->runController('css/images/ui-b...')
#1 D:\workspace\keii\framework\base\CApplication.php(169): CWebApplication->processRequest()
#2 D:\workspace\keii\index.php(13): CApplication->run()
#3 {main}
REQUEST_URI=/css/images/ui-bg_glass_65_ffffff_1x400.png
HTTP_REFERER=http://localhost/
---
2013/05/12 23:16:38 [error] [exception.CHttpException.404] exception 'CHttpException' with message 'Unable to resolve the request "css/images/ui-bg_glass_75_dadada_1x400.png".' in D:\workspace\keii\framework\web\CWebApplication.php:286
Stack trace:
#0 D:\workspace\keii\framework\web\CWebApplication.php(141): CWebApplication->runController('css/images/ui-b...')
#1 D:\workspace\keii\framework\base\CApplication.php(169): CWebApplication->processRequest()
#2 D:\workspace\keii\index.php(13): CApplication->run()
#3 {main}
REQUEST_URI=/css/images/ui-bg_glass_75_dadada_1x400.png
HTTP_REFERER=http://localhost/
---
2013/05/12 23:16:39 [error] [exception.CHttpException.404] exception 'CHttpException' with message 'Unable to resolve the request "css/images/ui-bg_glass_55_fbf9ee_1x400.png".' in D:\workspace\keii\framework\web\CWebApplication.php:286
Stack trace:
#0 D:\workspace\keii\framework\web\CWebApplication.php(141): CWebApplication->runController('css/images/ui-b...')
#1 D:\workspace\keii\framework\base\CApplication.php(169): CWebApplication->processRequest()
#2 D:\workspace\keii\index.php(13): CApplication->run()
#3 {main}
REQUEST_URI=/css/images/ui-bg_glass_55_fbf9ee_1x400.png
HTTP_REFERER=http://localhost/
---
2013/05/12 23:16:39 [error] [exception.CHttpException.404] exception 'CHttpException' with message 'Unable to resolve the request "css/images/ui-bg_glass_95_fef1ec_1x400.png".' in D:\workspace\keii\framework\web\CWebApplication.php:286
Stack trace:
#0 D:\workspace\keii\framework\web\CWebApplication.php(141): CWebApplication->runController('css/images/ui-b...')
#1 D:\workspace\keii\framework\base\CApplication.php(169): CWebApplication->processRequest()
#2 D:\workspace\keii\index.php(13): CApplication->run()
#3 {main}
REQUEST_URI=/css/images/ui-bg_glass_95_fef1ec_1x400.png
HTTP_REFERER=http://localhost/
---
2013/05/12 23:16:39 [error] [exception.CHttpException.404] exception 'CHttpException' with message 'Unable to resolve the request "css/images/ui-icons_222222_256x240.png".' in D:\workspace\keii\framework\web\CWebApplication.php:286
Stack trace:
#0 D:\workspace\keii\framework\web\CWebApplication.php(141): CWebApplication->runController('css/images/ui-i...')
#1 D:\workspace\keii\framework\base\CApplication.php(169): CWebApplication->processRequest()
#2 D:\workspace\keii\index.php(13): CApplication->run()
#3 {main}
REQUEST_URI=/css/images/ui-icons_222222_256x240.png
HTTP_REFERER=http://localhost/
---
2013/05/12 23:16:39 [error] [exception.CHttpException.404] exception 'CHttpException' with message 'Unable to resolve the request "css/images/ui-icons_888888_256x240.png".' in D:\workspace\keii\framework\web\CWebApplication.php:286
Stack trace:
#0 D:\workspace\keii\framework\web\CWebApplication.php(141): CWebApplication->runController('css/images/ui-i...')
#1 D:\workspace\keii\framework\base\CApplication.php(169): CWebApplication->processRequest()
#2 D:\workspace\keii\index.php(13): CApplication->run()
#3 {main}
REQUEST_URI=/css/images/ui-icons_888888_256x240.png
HTTP_REFERER=http://localhost/
---
2013/05/12 23:16:39 [error] [exception.CHttpException.404] exception 'CHttpException' with message 'Unable to resolve the request "css/images/ui-icons_454545_256x240.png".' in D:\workspace\keii\framework\web\CWebApplication.php:286
Stack trace:
#0 D:\workspace\keii\framework\web\CWebApplication.php(141): CWebApplication->runController('css/images/ui-i...')
#1 D:\workspace\keii\framework\base\CApplication.php(169): CWebApplication->processRequest()
#2 D:\workspace\keii\index.php(13): CApplication->run()
#3 {main}
REQUEST_URI=/css/images/ui-icons_454545_256x240.png
HTTP_REFERER=http://localhost/
---
2013/05/12 23:16:39 [error] [exception.CHttpException.404] exception 'CHttpException' with message 'Unable to resolve the request "css/images/ui-icons_2e83ff_256x240.png".' in D:\workspace\keii\framework\web\CWebApplication.php:286
Stack trace:
#0 D:\workspace\keii\framework\web\CWebApplication.php(141): CWebApplication->runController('css/images/ui-i...')
#1 D:\workspace\keii\framework\base\CApplication.php(169): CWebApplication->processRequest()
#2 D:\workspace\keii\index.php(13): CApplication->run()
#3 {main}
REQUEST_URI=/css/images/ui-icons_2e83ff_256x240.png
HTTP_REFERER=http://localhost/
---
2013/05/12 23:16:39 [error] [exception.CHttpException.404] exception 'CHttpException' with message 'Unable to resolve the request "css/images/ui-icons_cd0a0a_256x240.png".' in D:\workspace\keii\framework\web\CWebApplication.php:286
Stack trace:
#0 D:\workspace\keii\framework\web\CWebApplication.php(141): CWebApplication->runController('css/images/ui-i...')
#1 D:\workspace\keii\framework\base\CApplication.php(169): CWebApplication->processRequest()
#2 D:\workspace\keii\index.php(13): CApplication->run()
#3 {main}
REQUEST_URI=/css/images/ui-icons_cd0a0a_256x240.png
HTTP_REFERER=http://localhost/
---
2013/05/12 23:16:39 [error] [exception.CHttpException.404] exception 'CHttpException' with message 'Unable to resolve the request "css/images/ui-bg_flat_0_aaaaaa_40x100.png".' in D:\workspace\keii\framework\web\CWebApplication.php:286
Stack trace:
#0 D:\workspace\keii\framework\web\CWebApplication.php(141): CWebApplication->runController('css/images/ui-b...')
#1 D:\workspace\keii\framework\base\CApplication.php(169): CWebApplication->processRequest()
#2 D:\workspace\keii\index.php(13): CApplication->run()
#3 {main}
REQUEST_URI=/css/images/ui-bg_flat_0_aaaaaa_40x100.png
HTTP_REFERER=http://localhost/
---
2013/05/12 23:16:39 [error] [exception.CHttpException.404] exception 'CHttpException' with message 'Unable to resolve the request "images/prettyPhoto/light_square/sprite.png".' in D:\workspace\keii\framework\web\CWebApplication.php:286
Stack trace:
#0 D:\workspace\keii\framework\web\CWebApplication.php(141): CWebApplication->runController('images/prettyPh...')
#1 D:\workspace\keii\framework\base\CApplication.php(169): CWebApplication->processRequest()
#2 D:\workspace\keii\index.php(13): CApplication->run()
#3 {main}
REQUEST_URI=/images/prettyPhoto/light_square/sprite.png
HTTP_REFERER=http://localhost/
---
2013/05/12 23:16:39 [error] [exception.CHttpException.404] exception 'CHttpException' with message 'Unable to resolve the request "images/prettyPhoto/light_square/btnNext.png".' in D:\workspace\keii\framework\web\CWebApplication.php:286
Stack trace:
#0 D:\workspace\keii\framework\web\CWebApplication.php(141): CWebApplication->runController('images/prettyPh...')
#1 D:\workspace\keii\framework\base\CApplication.php(169): CWebApplication->processRequest()
#2 D:\workspace\keii\index.php(13): CApplication->run()
#3 {main}
REQUEST_URI=/images/prettyPhoto/light_square/btnNext.png
HTTP_REFERER=http://localhost/
---
2013/05/12 23:16:39 [error] [exception.CHttpException.404] exception 'CHttpException' with message 'Unable to resolve the request "images/prettyPhoto/light_square/btnPrevious.png".' in D:\workspace\keii\framework\web\CWebApplication.php:286
Stack trace:
#0 D:\workspace\keii\framework\web\CWebApplication.php(141): CWebApplication->runController('images/prettyPh...')
#1 D:\workspace\keii\framework\base\CApplication.php(169): CWebApplication->processRequest()
#2 D:\workspace\keii\index.php(13): CApplication->run()
#3 {main}
REQUEST_URI=/images/prettyPhoto/light_square/btnPrevious.png
HTTP_REFERER=http://localhost/
---
2013/05/12 23:16:39 [error] [exception.CHttpException.404] exception 'CHttpException' with message 'Unable to resolve the request "images/button-light.png".' in D:\workspace\keii\framework\web\CWebApplication.php:286
Stack trace:
#0 D:\workspace\keii\framework\web\CWebApplication.php(141): CWebApplication->runController('images/button-l...')
#1 D:\workspace\keii\framework\base\CApplication.php(169): CWebApplication->processRequest()
#2 D:\workspace\keii\index.php(13): CApplication->run()
#3 {main}
REQUEST_URI=/images/button-light.png
HTTP_REFERER=http://localhost/
---
2013/05/12 23:16:39 [error] [exception.CHttpException.404] exception 'CHttpException' with message 'Unable to resolve the request "images/text-field-bg.png".' in D:\workspace\keii\framework\web\CWebApplication.php:286
Stack trace:
#0 D:\workspace\keii\framework\web\CWebApplication.php(141): CWebApplication->runController('images/text-fie...')
#1 D:\workspace\keii\framework\base\CApplication.php(169): CWebApplication->processRequest()
#2 D:\workspace\keii\index.php(13): CApplication->run()
#3 {main}
REQUEST_URI=/images/text-field-bg.png
HTTP_REFERER=http://localhost/
---
2013/05/12 23:16:39 [error] [exception.CHttpException.404] exception 'CHttpException' with message 'Unable to resolve the request "images/black-btn-bg.png".' in D:\workspace\keii\framework\web\CWebApplication.php:286
Stack trace:
#0 D:\workspace\keii\framework\web\CWebApplication.php(141): CWebApplication->runController('images/black-bt...')
#1 D:\workspace\keii\framework\base\CApplication.php(169): CWebApplication->processRequest()
#2 D:\workspace\keii\index.php(13): CApplication->run()
#3 {main}
REQUEST_URI=/images/black-btn-bg.png
HTTP_REFERER=http://localhost/
---
2013/05/12 23:16:39 [error] [exception.CHttpException.404] exception 'CHttpException' with message 'Unable to resolve the request "images/sp-fade.png".' in D:\workspace\keii\framework\web\CWebApplication.php:286
Stack trace:
#0 D:\workspace\keii\framework\web\CWebApplication.php(141): CWebApplication->runController('images/sp-fade....')
#1 D:\workspace\keii\framework\base\CApplication.php(169): CWebApplication->processRequest()
#2 D:\workspace\keii\index.php(13): CApplication->run()
#3 {main}
REQUEST_URI=/images/sp-fade.png
HTTP_REFERER=http://localhost/
---
2013/05/12 23:16:39 [error] [exception.CHttpException.404] exception 'CHttpException' with message 'Unable to resolve the request "images/404-shadow.png".' in D:\workspace\keii\framework\web\CWebApplication.php:286
Stack trace:
#0 D:\workspace\keii\framework\web\CWebApplication.php(141): CWebApplication->runController('images/404-shad...')
#1 D:\workspace\keii\framework\base\CApplication.php(169): CWebApplication->processRequest()
#2 D:\workspace\keii\index.php(13): CApplication->run()
#3 {main}
REQUEST_URI=/images/404-shadow.png
HTTP_REFERER=http://localhost/
---
